SF:lib\core\services\payment_service.dart
DA:30,1
DA:43,0
DA:44,0
DA:46,0
DA:50,0
DA:51,0
DA:54,0
DA:56,0
DA:63,1
DA:64,0
DA:69,0
DA:78,0
DA:79,0
DA:80,0
DA:83,0
DA:87,1
DA:96,0
DA:97,0
DA:108,2
DA:111,2
DA:112,2
DA:115,0
DA:116,0
DA:117,0
DA:118,0
DA:123,1
DA:132,0
DA:133,0
DA:141,3
DA:147,1
DA:148,1
DA:149,1
DA:151,1
DA:153,0
DA:157,0
DA:158,0
DA:159,0
DA:161,0
DA:166,1
DA:178,3
DA:183,1
DA:184,1
DA:188,3
DA:189,1
DA:191,2
DA:193,0
DA:199,2
DA:201,0
DA:211,1
DA:222,1
LF:50
LH:22
end_of_record
SF:lib\features\profile\data\models\user_profile_model.dart
DA:4,2
DA:16,0
DA:17,0
DA:18,0
DA:19,0
DA:20,0
DA:21,0
DA:22,0
DA:23,0
DA:24,0
DA:25,0
DA:26,0
DA:28,0
DA:29,0
DA:33,0
DA:34,0
DA:35,0
DA:36,0
DA:37,0
DA:38,0
DA:39,0
DA:40,0
DA:41,0
DA:42,0
DA:43,0
DA:47,0
DA:48,0
DA:49,0
DA:50,0
DA:51,0
DA:52,0
DA:53,0
DA:54,0
DA:55,0
DA:56,0
DA:57,0
DA:61,0
DA:62,0
DA:63,0
DA:64,0
DA:65,0
DA:66,0
DA:67,0
DA:68,0
DA:69,0
DA:70,0
DA:71,0
DA:75,0
DA:87,0
DA:88,0
DA:89,0
DA:90,0
DA:91,0
DA:92,0
DA:93,0
DA:94,0
DA:95,0
DA:96,0
LF:58
LH:1
end_of_record
SF:lib\features\auth\presentation\bloc\auth_state.dart
DA:4,2
DA:6,1
DA:7,1
DA:17,1
DA:19,1
DA:20,2
DA:28,1
DA:30,1
DA:31,2
DA:38,0
DA:40,0
DA:41,0
LF:12
LH:9
end_of_record
SF:lib\features\auth\presentation\bloc\auth_event.dart
DA:4,2
DA:6,0
DA:7,0
DA:16,1
DA:21,0
DA:22,0
DA:33,1
DA:42,0
DA:43,0
DA:51,2
DA:53,0
DA:54,0
LF:12
LH:4
end_of_record
SF:lib\features\auth\presentation\bloc\auth_bloc.dart
DA:14,1
DA:16,2
DA:18,2
DA:19,2
DA:20,2
DA:21,2
DA:22,2
DA:23,2
DA:24,2
DA:27,0
DA:28,0
DA:33,1
DA:38,2
DA:39,2
DA:45,2
DA:46,1
DA:47,1
DA:48,0
DA:51,0
DA:54,0
DA:58,1
DA:61,2
DA:62,2
DA:63,1
DA:64,0
DA:68,1
DA:69,1
DA:70,1
DA:71,1
DA:72,1
DA:76,1
DA:78,1
DA:79,1
DA:81,2
DA:83,2
DA:86,0
DA:89,0
DA:93,1
DA:97,2
DA:99,2
DA:101,1
DA:102,1
DA:103,1
DA:104,1
DA:105,1
DA:109,1
DA:111,1
DA:112,1
DA:114,2
DA:116,2
DA:119,0
DA:123,1
DA:127,2
DA:129,2
DA:131,1
DA:132,1
DA:133,1
DA:134,1
DA:135,1
DA:139,1
DA:141,1
DA:142,1
DA:144,2
DA:146,2
DA:149,0
DA:150,0
DA:151,0
DA:152,0
DA:154,0
DA:159,1
DA:163,2
DA:165,2
DA:166,2
DA:168,4
DA:172,1
DA:176,2
DA:178,3
DA:179,2
DA:181,4
DA:185,1
DA:189,2
DA:191,2
DA:193,2
DA:195,1
DA:196,1
DA:197,1
DA:198,1
DA:199,1
DA:203,1
DA:205,1
DA:206,1
DA:208,2
DA:210,0
DA:213,2
DA:216,0
DA:220,0
DA:224,0
DA:226,0
DA:228,0
DA:230,0
DA:231,0
DA:232,0
DA:233,0
DA:234,0
DA:238,0
DA:240,0
DA:241,0
DA:243,0
DA:245,0
DA:248,0
DA:251,0
LF:111
LH:79
end_of_record
SF:lib\features\auth\domain\entities\user_entity.dart
DA:199,3
DA:230,0
DA:242,0
DA:243,0
DA:244,0
DA:245,0
DA:246,0
DA:247,0
DA:248,0
DA:249,0
DA:250,0
DA:251,0
DA:252,0
DA:260,0
DA:266,0
DA:274,0
DA:275,0
DA:276,0
DA:277,0
DA:278,0
DA:279,0
DA:287,0
DA:288,0
DA:289,0
DA:292,0
DA:299,0
DA:300,0
DA:301,0
DA:302,0
DA:303,0
DA:305,0
DA:307,0
DA:310,0
DA:311,0
DA:312,0
DA:313,0
DA:314,0
DA:315,0
DA:316,0
DA:317,0
DA:318,0
DA:319,0
DA:320,0
DA:321,0
DA:324,1
DA:326,4
DA:327,2
LF:47
LH:4
end_of_record
SF:lib\features\profile\domain\entities\user_profile_entity.dart
DA:14,2
DA:26,0
DA:37,0
DA:38,0
DA:39,0
DA:40,0
DA:41,0
DA:42,0
DA:43,0
DA:44,0
DA:45,0
DA:46,0
DA:50,0
DA:51,0
DA:52,0
DA:53,0
DA:54,0
DA:55,0
DA:56,0
DA:57,0
DA:58,0
DA:59,0
DA:60,0
LF:23
LH:1
end_of_record
SF:lib\features\auth\data\datasources\auth_firebase_data_source.dart
DA:31,0
DA:34,0
DA:35,0
DA:37,0
DA:41,0
DA:44,0
DA:45,0
DA:48,0
DA:53,0
DA:55,0
DA:57,0
DA:58,0
DA:59,0
DA:60,0
DA:61,0
DA:63,0
DA:64,0
DA:65,0
DA:68,0
DA:72,0
DA:74,0
DA:75,0
DA:77,0
DA:81,0
DA:84,0
DA:88,0
DA:90,0
DA:92,0
DA:93,0
DA:94,0
DA:96,0
DA:100,0
DA:109,0
DA:113,0
DA:115,0
DA:119,0
DA:122,0
DA:123,0
DA:128,0
DA:129,0
DA:130,0
DA:133,0
DA:136,0
DA:137,0
DA:139,0
DA:143,0
DA:146,0
DA:148,0
DA:152,0
DA:155,0
DA:157,0
DA:159,0
DA:163,0
DA:166,0
DA:167,0
DA:168,0
DA:170,0
DA:174,0
DA:181,0
DA:183,0
DA:187,0
DA:189,0
DA:193,0
DA:194,0
DA:196,0
DA:199,0
DA:202,0
DA:205,0
DA:207,0
DA:209,0
DA:213,0
DA:216,0
DA:218,0
DA:220,0
DA:221,0
DA:222,0
DA:224,0
DA:228,0
DA:229,0
DA:231,0
DA:233,0
DA:234,0
DA:235,0
DA:237,0
DA:238,0
DA:240,0
DA:243,0
DA:244,0
DA:245,0
DA:246,0
DA:247,0
DA:249,0
DA:250,0
DA:251,0
DA:253,0
DA:257,0
DA:261,0
DA:262,0
DA:263,0
DA:264,0
DA:265,0
DA:266,0
DA:267,0
DA:268,0
DA:269,0
DA:270,0
DA:271,0
DA:272,0
DA:273,0
DA:274,0
DA:275,0
DA:276,0
DA:278,0
LF:113
LH:0
end_of_record
SF:lib\features\auth\data\datasources\auth_local_data_source.dart
DA:21,0
DA:26,0
DA:29,0
DA:30,0
DA:32,0
DA:36,0
DA:39,0
DA:41,0
DA:42,0
DA:46,0
DA:50,0
DA:53,0
DA:55,0
DA:59,0
DA:62,0
DA:64,0
DA:68,0
DA:71,0
DA:73,0
DA:77,0
DA:80,0
DA:82,0
DA:86,0
DA:89,0
DA:90,0
LF:25
LH:0
end_of_record
SF:lib\features\auth\data\models\user_model.dart
DA:8,1
DA:21,0
DA:23,0
DA:25,0
DA:26,0
DA:27,0
DA:28,0
DA:29,0
DA:30,0
DA:31,0
DA:32,0
DA:33,0
DA:34,0
DA:35,0
DA:36,0
DA:40,1
DA:41,1
DA:42,1
DA:43,1
DA:44,1
DA:45,1
DA:46,1
DA:47,1
DA:48,1
DA:49,1
DA:50,1
DA:51,1
DA:55,0
DA:68,0
DA:69,0
DA:70,0
DA:71,0
DA:72,0
DA:73,0
DA:74,0
DA:75,0
DA:76,0
DA:77,0
DA:78,0
LF:39
LH:13
end_of_record
SF:lib\features\auth\data\models\user_model.g.dart
DA:9,0
DA:10,0
DA:11,0
DA:12,0
DA:13,0
DA:14,0
DA:15,0
DA:16,0
DA:17,0
DA:18,0
DA:19,0
DA:22,0
DA:23,0
DA:24,0
DA:25,0
DA:26,0
DA:27,0
DA:28,0
DA:29,0
DA:30,0
DA:31,0
DA:32,0
LF:22
LH:0
end_of_record
SF:lib\core\error\failures.dart
DA:37,2
DA:50,0
DA:51,0
DA:87,1
DA:89,1
DA:90,2
DA:129,0
DA:131,0
DA:132,0
DA:174,0
DA:176,0
DA:177,0
DA:230,1
DA:232,0
DA:233,0
DA:283,0
DA:285,0
DA:286,0
DA:339,0
DA:341,0
DA:342,0
DA:374,0
DA:376,0
DA:377,0
LF:24
LH:5
end_of_record
SF:lib\features\auth\data\repositories\auth_repository_impl.dart
DA:87,1
DA:94,1
DA:101,2
DA:108,2
DA:114,2
DA:115,0
DA:118,2
DA:119,0
DA:121,2
DA:122,2
DA:127,3
DA:133,0
DA:137,0
DA:139,0
DA:141,0
DA:143,0
DA:145,0
DA:147,0
DA:149,0
DA:151,0
DA:152,0
DA:154,0
DA:157,0
DA:161,1
DA:169,2
DA:171,2
DA:177,2
DA:178,0
DA:180,2
DA:181,0
DA:183,2
DA:184,2
DA:186,0
DA:189,0
DA:193,1
DA:197,2
DA:203,2
DA:208,2
DA:213,2
DA:221,0
DA:231,0
DA:236,0
DA:248,0
DA:249,0
DA:254,1
DA:258,2
DA:262,2
DA:264,2
DA:266,2
DA:271,2
DA:275,2
DA:281,0
DA:285,0
DA:289,0
DA:291,0
DA:294,0
DA:297,0
DA:301,0
DA:307,0
DA:310,0
DA:311,0
DA:313,0
DA:317,0
DA:320,0
DA:323,0
DA:325,0
DA:326,0
DA:327,0
DA:329,0
DA:332,0
DA:336,0
DA:340,0
DA:343,0
DA:346,0
DA:349,0
DA:353,0
DA:357,0
DA:359,0
DA:365,0
LF:79
LH:28
end_of_record
SF:lib\core\network\network_info.dart
DA:14,0
DA:17,0
DA:18,0
DA:23,0
DA:24,0
DA:25,0
DA:26,0
DA:33,0
DA:35,0
LF:9
LH:0
end_of_record
SF:lib\features\auth\domain\usecases\sign_in_usecase.dart
DA:94,1
DA:114,1
DA:119,2
DA:120,0
DA:126,2
DA:127,0
DA:134,3
DA:139,2
DA:141,1
DA:154,1
DA:156,1
DA:164,1
DA:170,2
DA:187,1
DA:190,3
DA:196,2
DA:242,1
DA:251,0
DA:252,0
DA:259,0
DA:262,0
DA:263,0
DA:264,0
DA:271,0
DA:272,0
LF:25
LH:15
end_of_record
SF:lib\core\usecases\usecase.dart
DA:115,8
DA:120,0
DA:121,0
DA:149,8
LF:4
LH:2
end_of_record
SF:lib\features\auth\presentation\pages\sign_up_screen.dart
DA:14,5
DA:16,1
DA:17,1
DA:31,1
DA:33,2
DA:34,2
DA:35,2
DA:36,2
DA:37,2
DA:38,1
DA:41,1
DA:43,1
DA:45,1
DA:46,1
DA:47,1
DA:50,1
DA:51,2
DA:52,0
DA:55,1
DA:56,0
DA:57,0
DA:58,0
DA:60,0
DA:62,0
DA:63,0
DA:64,0
DA:65,0
DA:66,0
DA:67,0
DA:68,0
DA:72,0
DA:73,0
DA:74,0
DA:75,0
DA:76,0
DA:83,0
DA:84,0
DA:85,0
DA:86,0
DA:90,0
DA:91,0
DA:94,1
DA:95,1
DA:97,1
DA:98,1
DA:99,1
DA:101,1
DA:105,1
DA:107,1
DA:110,1
DA:116,1
DA:118,1
DA:120,1
DA:127,1
DA:128,1
DA:138,1
DA:139,1
DA:150,1
DA:151,1
DA:162,1
DA:163,1
DA:166,1
DA:168,1
DA:169,1
DA:170,1
DA:174,0
DA:175,0
DA:176,0
DA:186,1
DA:187,1
DA:190,1
DA:192,1
DA:193,1
DA:194,1
DA:198,0
DA:199,0
DA:200,0
DA:204,0
DA:205,0
DA:215,1
DA:216,1
DA:217,1
DA:218,1
DA:219,0
DA:220,0
DA:221,0
DA:224,1
DA:226,1
DA:227,1
DA:228,1
DA:229,1
DA:231,1
DA:233,1
DA:236,1
DA:237,0
DA:240,1
DA:242,1
DA:244,1
DA:249,1
DA:251,1
DA:253,1
DA:256,1
DA:257,0
DA:260,1
DA:262,1
DA:264,1
DA:278,1
DA:279,1
DA:280,1
DA:282,1
DA:283,1
DA:284,0
DA:286,0
DA:287,0
DA:288,0
DA:289,0
DA:290,0
DA:291,0
DA:292,0
DA:299,0
DA:300,0
DA:301,0
DA:302,0
DA:303,0
DA:304,0
DA:317,1
DA:318,1
DA:319,3
DA:320,1
DA:322,1
DA:324,1
DA:325,1
DA:330,3
DA:337,1
DA:339,0
DA:340,0
DA:343,1
DA:344,1
DA:351,1
DA:353,1
DA:354,1
DA:356,1
DA:357,1
DA:360,1
DA:361,0
DA:362,0
DA:364,1
DA:366,1
DA:367,1
LF:149
LH:95
end_of_record
SF:lib\features\auth\presentation\pages\sign_in_screen.dart
DA:12,5
DA:14,1
DA:15,1
DA:24,1
DA:26,2
DA:27,2
DA:28,1
DA:31,1
DA:33,1
DA:35,1
DA:36,1
DA:37,1
DA:40,1
DA:41,2
DA:42,0
DA:45,1
DA:46,0
DA:47,0
DA:48,0
DA:49,0
DA:50,0
DA:54,0
DA:55,0
DA:58,1
DA:59,1
DA:60,1
DA:64,4
DA:66,1
DA:67,1
DA:68,1
DA:70,1
DA:74,1
DA:76,1
DA:79,1
DA:85,1
DA:87,1
DA:89,1
DA:96,1
DA:97,1
DA:108,1
DA:109,1
DA:112,1
DA:114,1
DA:115,1
DA:116,1
DA:120,0
DA:121,0
DA:122,0
DA:132,1
DA:134,1
DA:135,0
DA:136,0
DA:138,1
DA:140,1
DA:141,1
DA:151,1
DA:152,1
DA:153,1
DA:155,1
DA:156,1
DA:157,3
DA:158,0
DA:159,0
DA:160,0
DA:161,0
DA:173,1
DA:174,1
DA:175,3
DA:176,1
DA:178,1
DA:180,1
DA:181,1
DA:186,3
DA:193,1
DA:195,0
DA:196,0
DA:197,0
DA:201,1
DA:202,1
DA:207,1
DA:209,0
DA:210,0
DA:213,1
DA:214,1
DA:221,1
DA:223,1
DA:224,1
DA:226,1
DA:227,1
DA:230,1
DA:231,1
DA:232,1
DA:234,1
DA:236,1
DA:237,1
LF:95
LH:73
end_of_record
SF:lib\core\utils\validators.dart
DA:5,1
DA:6,1
DA:10,0
DA:11,0
DA:18,1
DA:19,1
DA:23,0
DA:30,0
DA:31,0
DA:35,0
DA:42,0
DA:43,0
DA:47,0
DA:48,0
DA:55,0
DA:56,0
DA:60,0
DA:67,0
DA:68,0
DA:69,0
DA:75,0
DA:76,0
DA:80,0
DA:87,0
DA:88,0
DA:92,0
DA:97,0
LF:27
LH:4
end_of_record
SF:lib\features\auth\presentation\widgets\custom_button.dart
DA:16,1
DA:30,1
DA:32,1
DA:34,1
DA:35,1
DA:36,1
DA:37,1
DA:38,3
DA:39,1
DA:40,2
DA:41,1
DA:42,2
DA:43,1
DA:44,1
DA:45,1
DA:46,2
DA:51,1
DA:52,0
DA:55,0
DA:57,0
DA:58,0
DA:62,1
DA:64,1
DA:65,2
DA:66,2
DA:69,1
DA:70,1
DA:71,1
DA:74,1
LF:29
LH:25
end_of_record
SF:lib\features\auth\presentation\widgets\custom_text_field.dart
DA:18,1
DA:34,1
DA:36,1
DA:38,1
DA:40,1
DA:41,1
DA:42,1
DA:43,1
DA:46,1
DA:50,1
DA:51,1
DA:52,1
DA:53,1
DA:54,1
DA:55,1
DA:56,1
DA:57,1
DA:58,1
DA:59,1
DA:61,1
DA:63,1
DA:64,1
DA:65,1
DA:66,1
DA:69,1
DA:70,3
DA:72,1
DA:75,1
DA:76,1
DA:77,2
DA:79,1
DA:80,1
DA:81,2
DA:83,1
DA:84,1
DA:85,2
DA:87,1
DA:88,1
DA:91,1
DA:92,1
DA:99,1
LF:41
LH:41
end_of_record
SF:lib\features\services\presentation\bloc\services_bloc\services_event.dart
DA:4,3
DA:6,0
DA:7,0
DA:11,2
DA:17,0
DA:19,0
DA:20,0
DA:26,1
DA:28,0
DA:29,0
DA:36,2
DA:38,0
DA:39,0
LF:13
LH:4
end_of_record
SF:lib\features\services\presentation\bloc\services_bloc\services_state.dart
DA:4,2
DA:6,0
DA:7,0
DA:21,2
DA:29,2
DA:36,2
DA:37,2
DA:38,2
DA:39,0
DA:40,2
DA:41,2
DA:45,0
DA:46,0
DA:47,0
DA:48,0
DA:49,0
DA:50,0
DA:51,0
DA:58,0
DA:60,0
DA:61,0
LF:21
LH:8
end_of_record
SF:lib\features\services\presentation\bloc\services_bloc\services_bloc.dart
DA:8,6
DA:9,4
DA:10,4
DA:11,4
DA:12,4
DA:15,2
DA:19,4
DA:22,2
DA:25,2
DA:26,2
DA:35,2
DA:44,2
DA:53,2
DA:62,2
DA:71,2
DA:84,6
DA:85,2
DA:86,2
DA:88,4
DA:96,0
DA:100,0
DA:104,0
DA:105,0
DA:107,0
DA:110,0
DA:113,0
DA:114,0
DA:115,0
DA:116,0
DA:117,0
DA:119,0
DA:120,0
DA:121,0
DA:122,0
DA:124,0
DA:126,0
DA:129,0
DA:130,0
DA:135,1
DA:139,2
DA:140,1
DA:142,2
DA:145,1
DA:150,3
DA:152,0
DA:155,1
DA:156,5
DA:157,1
DA:161,2
DA:162,0
DA:163,0
DA:164,0
DA:165,0
DA:167,0
DA:168,0
DA:169,0
DA:172,2
DA:174,1
DA:177,0
DA:178,0
DA:183,2
DA:187,4
DA:188,2
DA:190,4
DA:193,2
DA:197,2
DA:198,2
DA:199,0
DA:200,0
DA:201,0
DA:204,6
DA:207,6
DA:208,1
DA:211,6
DA:213,0
DA:217,4
DA:218,0
DA:219,0
DA:220,0
DA:221,0
DA:222,0
DA:223,0
DA:226,4
DA:228,2
DA:231,0
DA:232,0
LF:86
LH:45
end_of_record
SF:lib\core\bloc\locale_event.dart
DA:4,0
DA:6,0
DA:7,0
DA:13,0
DA:15,0
DA:16,0
DA:20,0
LF:7
LH:0
end_of_record
SF:lib\core\bloc\locale_bloc.dart
DA:10,0
DA:11,0
DA:12,0
DA:15,0
DA:16,0
DA:18,0
DA:19,0
DA:20,0
DA:22,0
DA:23,0
DA:26,0
DA:27,0
DA:28,0
DA:31,0
DA:32,0
DA:34,0
DA:36,0
DA:38,0
DA:44,0
LF:19
LH:0
end_of_record
SF:lib\core\bloc\locale_state.dart
DA:6,4
DA:8,0
DA:9,0
LF:3
LH:1
end_of_record
SF:lib\core\di\injection_container.dart
DA:132,6
DA:137,0
DA:138,0
DA:139,0
DA:140,0
DA:141,0
DA:142,0
DA:143,0
DA:144,0
DA:145,0
DA:154,0
DA:159,0
DA:162,0
DA:165,0
DA:167,0
DA:172,0
DA:175,0
DA:178,0
DA:180,0
DA:184,0
DA:187,0
DA:190,0
DA:192,0
DA:196,0
DA:198,0
DA:201,0
DA:202,0
DA:206,0
DA:208,0
DA:211,0
DA:212,0
DA:216,0
DA:218,0
DA:221,0
DA:222,0
DA:227,0
DA:229,0
DA:232,0
DA:233,0
DA:243,0
DA:246,0
DA:249,0
DA:251,0
DA:254,0
DA:256,0
DA:259,0
DA:261,0
DA:264,0
DA:266,0
DA:269,0
DA:271,0
DA:274,0
DA:283,0
DA:293,0
DA:295,0
DA:297,0
DA:298,0
DA:303,0
DA:310,0
DA:311,0
DA:313,0
DA:314,0
DA:315,0
DA:317,0
DA:318,0
DA:320,0
DA:322,0
DA:328,0
DA:330,0
DA:332,0
DA:334,0
DA:335,0
DA:337,0
DA:339,0
DA:340,0
DA:341,0
DA:342,0
DA:347,0
DA:352,0
DA:355,0
DA:356,0
DA:359,0
DA:360,0
DA:366,0
DA:367,0
DA:368,0
DA:369,0
DA:370,0
DA:373,0
DA:375,0
DA:376,0
DA:377,0
DA:379,0
DA:380,0
DA:381,0
DA:382,0
DA:383,0
DA:386,0
DA:388,0
DA:389,0
DA:390,0
DA:391,0
DA:394,0
DA:395,0
DA:396,0
DA:397,0
DA:402,0
DA:403,0
DA:404,0
DA:405,0
DA:406,0
DA:407,0
DA:412,0
DA:413,0
DA:414,0
DA:415,0
DA:416,0
DA:417,0
DA:418,0
DA:421,0
DA:422,0
DA:424,0
DA:425,0
DA:429,0
DA:431,0
DA:432,0
DA:434,0
DA:435,0
DA:436,0
DA:440,0
DA:441,0
DA:442,0
DA:443,0
DA:444,0
DA:449,0
DA:450,0
DA:451,0
DA:452,0
DA:453,0
DA:454,0
DA:455,0
DA:456,0
DA:459,0
DA:460,0
DA:461,0
DA:462,0
DA:463,0
DA:465,0
DA:466,0
DA:471,0
DA:473,0
DA:474,0
DA:476,0
DA:477,0
DA:478,0
DA:482,0
DA:483,0
DA:484,0
DA:485,0
DA:486,0
DA:491,0
DA:492,0
DA:493,0
DA:494,0
DA:495,0
DA:496,0
DA:497,0
DA:498,0
DA:499,0
DA:500,0
DA:501,0
DA:502,0
DA:505,0
DA:506,0
DA:507,0
DA:508,0
DA:510,0
DA:511,0
DA:512,0
DA:517,0
DA:519,0
DA:520,0
DA:522,0
DA:523,0
DA:527,0
DA:528,0
DA:529,0
DA:530,0
DA:531,0
DA:536,0
DA:537,0
DA:538,0
DA:539,0
DA:542,0
DA:543,0
DA:544,0
DA:546,0
DA:547,0
DA:548,0
DA:553,0
DA:555,0
DA:556,0
DA:558,0
DA:559,0
DA:563,0
DA:564,0
DA:565,0
DA:566,0
DA:567,0
DA:572,0
DA:573,0
DA:574,0
DA:575,0
DA:578,0
DA:579,0
DA:580,0
DA:584,0
DA:586,0
DA:587,0
DA:589,0
DA:590,0
DA:591,0
DA:595,0
DA:596,0
DA:597,0
DA:598,0
DA:599,0
DA:604,0
DA:605,0
DA:606,0
DA:607,0
DA:608,0
DA:609,0
DA:610,0
DA:611,0
DA:612,0
DA:613,0
DA:614,0
DA:615,0
DA:618,0
DA:619,0
DA:620,0
DA:621,0
DA:622,0
DA:623,0
DA:624,0
DA:625,0
DA:629,0
DA:630,0
DA:633,0
DA:635,0
DA:636,0
DA:639,0
DA:640,0
DA:643,0
DA:644,0
DA:645,0
DA:646,0
DA:651,0
DA:652,0
DA:653,0
DA:654,0
DA:655,0
DA:656,0
DA:659,0
DA:662,0
DA:664,0
DA:665,0
DA:666,0
DA:668,0
DA:669,0
DA:670,0
DA:674,0
DA:675,0
DA:676,0
DA:677,0
DA:678,0
DA:683,0
DA:684,0
DA:685,0
DA:686,0
DA:687,0
DA:688,0
DA:689,0
DA:690,0
DA:691,0
DA:692,0
DA:693,0
DA:697,0
DA:700,0
DA:701,0
DA:702,0
DA:704,0
DA:705,0
DA:706,0
DA:707,0
DA:708,0
DA:709,0
LF:298
LH:1
end_of_record
SF:lib\features\auth\domain\usecases\sign_up_usecase.dart
DA:139,0
DA:180,0
DA:182,0
DA:183,0
DA:184,0
DA:185,0
DA:186,0
DA:187,0
DA:284,0
DA:297,0
DA:298,0
DA:299,0
DA:300,0
DA:301,0
DA:302,0
DA:303,0
DA:304,0
DA:311,0
DA:313,0
LF:19
LH:0
end_of_record
SF:lib\features\auth\domain\usecases\sign_out_usecase.dart
DA:125,0
DA:164,0
DA:166,0
LF:3
LH:0
end_of_record
SF:lib\features\auth\domain\usecases\get_current_user_usecase.dart
DA:125,0
DA:161,0
DA:163,0
LF:3
LH:0
end_of_record
SF:lib\features\auth\domain\usecases\forgot_password_usecase.dart
DA:88,0
DA:112,0
DA:114,0
DA:153,0
DA:159,0
DA:160,0
DA:166,0
DA:169,0
DA:175,0
DA:176,0
LF:10
LH:0
end_of_record
SF:lib\features\auth\domain\usecases\client_sign_up_usecase.dart
DA:10,0
DA:12,0
DA:15,0
DA:16,0
DA:17,0
DA:18,0
DA:19,0
DA:23,0
DA:24,0
DA:25,0
DA:28,0
DA:39,0
DA:46,0
DA:47,0
LF:14
LH:0
end_of_record
SF:lib\features\auth\presentation\bloc\client_sign_up\client_sign_up_state.dart
DA:4,0
DA:6,0
DA:7,0
DA:17,0
DA:19,0
DA:20,0
DA:26,0
DA:28,0
DA:29,0
LF:9
LH:0
end_of_record
SF:lib\features\auth\presentation\bloc\client_sign_up\client_sign_up_bloc.dart
DA:14,0
DA:15,0
DA:18,0
DA:22,0
DA:25,0
DA:26,0
DA:27,0
DA:28,0
DA:29,0
DA:30,0
DA:34,0
DA:35,0
DA:36,0
DA:38,0
LF:14
LH:0
end_of_record
SF:lib\features\auth\presentation\bloc\client_sign_up\client_sign_up_event.dart
DA:4,0
DA:6,0
DA:7,0
DA:16,0
DA:23,0
DA:24,0
LF:6
LH:0
end_of_record
SF:lib\features\services\data\datasources\service_remote_data_source.dart
DA:28,0
DA:30,0
DA:32,0
DA:35,0
DA:40,0
DA:46,0
DA:48,0
DA:49,0
DA:50,0
DA:51,0
DA:53,0
DA:54,0
DA:57,0
DA:63,0
DA:65,0
DA:68,0
DA:74,0
DA:80,0
DA:82,0
DA:83,0
DA:84,0
DA:85,0
DA:87,0
DA:88,0
DA:91,0
DA:97,0
DA:99,0
DA:102,0
DA:106,0
DA:109,0
DA:113,0
LF:31
LH:0
end_of_record
SF:lib\features\services\data\datasources\service_local_data_source.dart
DA:25,0
DA:27,0
DA:29,0
DA:31,0
DA:32,0
DA:34,0
DA:37,0
DA:39,0
DA:40,0
DA:43,0
DA:45,0
DA:47,0
DA:52,0
DA:54,0
DA:55,0
DA:58,0
DA:60,0
DA:62,0
DA:63,0
DA:65,0
DA:68,0
DA:70,0
DA:71,0
DA:74,0
DA:76,0
DA:77,0
DA:78,0
DA:79,0
DA:80,0
DA:81,0
LF:30
LH:0
end_of_record
SF:lib\features\services\data\repositories\service_repository_impl.dart
DA:17,0
DA:23,0
DA:25,0
DA:27,0
DA:30,0
DA:32,0
DA:36,0
DA:37,0
DA:39,0
DA:44,0
DA:45,0
DA:47,0
DA:52,0
DA:54,0
DA:56,0
DA:59,0
DA:61,0
DA:65,0
DA:69,0
DA:70,0
DA:72,0
DA:74,0
DA:79,0
DA:83,0
DA:84,0
DA:86,0
DA:88,0
DA:93,0
DA:95,0
DA:97,0
DA:98,0
DA:99,0
DA:101,0
DA:105,0
DA:107,0
DA:109,0
DA:112,0
DA:117,0
DA:119,0
DA:121,0
DA:122,0
DA:124,0
DA:127,0
DA:131,0
DA:133,0
DA:135,0
DA:136,0
DA:137,0
DA:139,0
DA:143,0
DA:144,0
DA:146,0
LF:52
LH:0
end_of_record
SF:lib\features\services\domain\usecases\get_services_usecase.dart
DA:11,0
DA:13,0
DA:15,0
LF:3
LH:0
end_of_record
SF:lib\features\services\domain\usecases\get_service_details_usecase.dart
DA:12,0
DA:14,0
DA:16,0
DA:23,0
DA:25,0
DA:26,0
LF:6
LH:0
end_of_record
SF:lib\features\services\domain\usecases\get_services_by_category_usecase.dart
DA:12,0
DA:14,0
DA:16,0
DA:23,0
DA:27,0
DA:28,0
LF:6
LH:0
end_of_record
SF:lib\features\services\domain\usecases\search_services_usecase.dart
DA:12,0
DA:14,0
DA:16,0
DA:23,0
DA:25,0
DA:26,0
LF:6
LH:0
end_of_record
SF:lib\features\services\domain\usecases\get_categories_usecase.dart
DA:11,0
DA:13,0
DA:15,0
LF:3
LH:0
end_of_record
SF:lib\features\services\presentation\bloc\services_event.dart
DA:4,0
DA:6,0
DA:7,0
DA:11,0
DA:13,0
DA:14,0
DA:20,0
DA:22,0
DA:23,0
DA:29,0
DA:31,0
DA:32,0
LF:12
LH:0
end_of_record
SF:lib\features\services\presentation\bloc\services_state.dart
DA:4,0
DA:6,0
DA:7,0
DA:18,0
DA:20,0
DA:21,0
DA:23,0
DA:27,0
DA:28,0
DA:29,0
DA:39,0
DA:41,0
DA:42,0
DA:50,0
DA:52,0
DA:53,0
DA:59,0
DA:61,0
DA:62,0
LF:19
LH:0
end_of_record
SF:lib\features\services\presentation\bloc\services_bloc.dart
DA:21,0
DA:26,0
DA:27,0
DA:28,0
DA:29,0
DA:30,0
DA:31,0
DA:34,0
DA:39,0
DA:41,0
DA:43,0
DA:44,0
DA:45,0
DA:46,0
DA:51,0
DA:56,0
DA:58,0
DA:60,0
DA:61,0
DA:62,0
DA:63,0
DA:68,0
DA:72,0
DA:73,0
DA:74,0
DA:76,0
DA:77,0
DA:78,0
DA:82,0
DA:86,0
DA:87,0
DA:88,0
DA:89,0
DA:90,0
DA:94,0
DA:98,0
DA:101,0
DA:102,0
DA:104,0
DA:105,0
DA:106,0
DA:107,0
DA:108,0
DA:109,0
DA:110,0
DA:111,0
LF:46
LH:0
end_of_record
SF:lib\features\services\presentation\bloc\service_details_state.dart
DA:4,0
DA:6,0
DA:7,0
DA:17,0
DA:19,0
DA:20,0
DA:26,0
DA:28,0
DA:29,0
LF:9
LH:0
end_of_record
SF:lib\features\services\presentation\bloc\service_details_event.dart
DA:4,0
DA:6,0
DA:7,0
DA:13,0
DA:15,0
DA:16,0
LF:6
LH:0
end_of_record
SF:lib\features\services\presentation\bloc\service_details_bloc.dart
DA:14,0
DA:16,0
DA:17,0
DA:20,0
DA:24,0
DA:25,0
DA:26,0
DA:28,0
DA:29,0
DA:30,0
LF:10
LH:0
end_of_record
SF:lib\features\providers\data\datasources\provider_remote_data_source.dart
DA:39,0
DA:41,0
DA:53,0
DA:60,0
DA:65,0
DA:68,0
DA:70,0
DA:71,0
DA:74,0
DA:78,0
DA:81,0
DA:90,0
DA:93,0
DA:94,0
DA:101,0
DA:102,0
DA:107,0
DA:114,0
DA:115,0
DA:118,0
DA:120,0
DA:121,0
DA:124,0
DA:126,0
DA:129,0
DA:131,0
DA:134,0
DA:136,0
DA:137,0
LF:29
LH:0
end_of_record
SF:lib\features\providers\data\datasources\provider_local_data_source.dart
DA:32,0
DA:34,0
DA:36,0
DA:38,0
DA:39,0
DA:41,0
DA:44,0
DA:46,0
DA:47,0
DA:50,0
DA:52,0
DA:54,0
DA:59,0
DA:61,0
DA:62,0
DA:65,0
DA:67,0
DA:69,0
DA:70,0
DA:72,0
DA:75,0
DA:77,0
DA:78,0
DA:81,0
DA:83,0
DA:85,0
DA:86,0
DA:88,0
DA:91,0
DA:93,0
DA:94,0
DA:97,0
DA:99,0
DA:100,0
DA:103,0
DA:105,0
DA:106,0
DA:107,0
DA:108,0
DA:112,0
DA:114,0
DA:115,0
DA:116,0
DA:119,0
DA:121,0
DA:122,0
DA:123,0
DA:124,0
DA:125,0
DA:126,0
DA:127,0
LF:51
LH:0
end_of_record
SF:lib\features\providers\data\repositories\provider_repository_impl.dart
DA:16,0
DA:22,0
DA:34,0
DA:36,0
DA:47,0
DA:48,0
DA:50,0
DA:54,0
DA:55,0
DA:57,0
DA:62,0
DA:65,0
DA:67,0
DA:68,0
DA:69,0
DA:71,0
DA:76,0
DA:78,0
DA:80,0
DA:83,0
DA:88,0
DA:91,0
DA:93,0
DA:94,0
DA:95,0
DA:97,0
DA:102,0
DA:103,0
DA:105,0
DA:110,0
DA:117,0
DA:119,0
DA:127,0
DA:128,0
DA:129,0
DA:131,0
DA:133,0
DA:136,0
DA:140,0
DA:146,0
DA:148,0
DA:153,0
DA:155,0
DA:158,0
DA:162,0
DA:164,0
DA:166,0
DA:167,0
DA:168,0
DA:170,0
DA:174,0
DA:175,0
DA:177,0
DA:182,0
DA:186,0
DA:187,0
DA:188,0
DA:192,0
DA:196,0
DA:200,0
DA:201,0
DA:202,0
DA:206,0
DA:210,0
DA:212,0
DA:214,0
DA:215,0
DA:217,0
DA:221,0
DA:222,0
DA:223,0
DA:224,0
DA:226,0
DA:229,0
DA:231,0
LF:75
LH:0
end_of_record
SF:lib\features\providers\domain\usecases\search_providers_usecase.dart
DA:13,0
DA:15,0
DA:18,0
DA:19,0
DA:20,0
DA:21,0
DA:22,0
DA:23,0
DA:24,0
DA:25,0
DA:26,0
DA:27,0
DA:43,0
DA:55,0
DA:56,0
DA:57,0
DA:58,0
DA:59,0
DA:60,0
DA:61,0
DA:62,0
DA:63,0
DA:64,0
DA:65,0
LF:24
LH:0
end_of_record
SF:lib\features\providers\domain\usecases\get_provider_details_usecase.dart
DA:12,0
DA:14,0
DA:16,0
DA:23,0
DA:25,0
DA:26,0
LF:6
LH:0
end_of_record
SF:lib\features\providers\domain\usecases\get_provider_reviews_usecase.dart
DA:12,0
DA:14,0
DA:16,0
DA:23,0
DA:25,0
DA:26,0
LF:6
LH:0
end_of_record
SF:lib\features\providers\domain\usecases\submit_provider_review_usecase.dart
DA:13,0
DA:15,0
DA:18,0
DA:19,0
DA:20,0
DA:21,0
DA:22,0
DA:33,0
DA:40,0
DA:41,0
LF:10
LH:0
end_of_record
SF:lib\features\providers\domain\usecases\get_nearby_providers_usecase.dart
DA:12,0
DA:14,0
DA:16,0
DA:17,0
DA:18,0
DA:19,0
DA:29,0
DA:35,0
DA:36,0
LF:9
LH:0
end_of_record
SF:lib\features\providers\domain\usecases\get_featured_providers_usecase.dart
DA:11,0
DA:13,0
DA:15,0
LF:3
LH:0
end_of_record
SF:lib\features\providers\presentation\bloc\provider_search_bloc.dart
DA:19,0
DA:23,0
DA:24,0
DA:25,0
DA:26,0
DA:27,0
DA:30,0
DA:34,0
DA:35,0
DA:36,0
DA:37,0
DA:38,0
DA:39,0
DA:40,0
DA:41,0
DA:42,0
DA:43,0
DA:45,0
DA:46,0
DA:47,0
DA:51,0
DA:55,0
DA:56,0
DA:57,0
DA:58,0
DA:59,0
DA:61,0
DA:62,0
DA:63,0
DA:67,0
DA:71,0
DA:72,0
DA:73,0
DA:74,0
DA:75,0
DA:79,0
DA:83,0
LF:37
LH:0
end_of_record
SF:lib\features\providers\presentation\bloc\provider_search_event.dart
DA:4,0
DA:6,0
DA:7,0
DA:20,0
DA:31,0
DA:32,0
DA:33,0
DA:34,0
DA:35,0
DA:36,0
DA:37,0
DA:38,0
DA:39,0
DA:40,0
DA:49,0
DA:55,0
DA:56,0
LF:17
LH:0
end_of_record
SF:lib\features\providers\presentation\bloc\provider_search_state.dart
DA:4,0
DA:6,0
DA:7,0
DA:17,0
DA:19,0
DA:20,0
DA:26,0
DA:28,0
DA:29,0
LF:9
LH:0
end_of_record
SF:lib\features\providers\presentation\bloc\provider_details_event.dart
DA:4,0
DA:6,0
DA:7,0
DA:13,0
DA:15,0
DA:16,0
DA:22,0
DA:24,0
DA:25,0
LF:9
LH:0
end_of_record
SF:lib\features\providers\presentation\bloc\provider_details_state.dart
DA:4,0
DA:6,0
DA:7,0
DA:20,0
DA:27,0
DA:28,0
DA:34,0
DA:36,0
DA:37,0
LF:9
LH:0
end_of_record
SF:lib\features\providers\presentation\bloc\provider_details_bloc.dart
DA:17,0
DA:20,0
DA:21,0
DA:22,0
DA:25,0
DA:29,0
DA:30,0
DA:31,0
DA:33,0
DA:34,0
DA:35,0
DA:39,0
DA:43,0
DA:44,0
DA:45,0
DA:46,0
DA:48,0
DA:49,0
DA:51,0
DA:52,0
DA:53,0
DA:54,0
DA:56,0
DA:57,0
LF:24
LH:0
end_of_record
SF:lib\features\booking\data\datasources\booking_remote_data_source.dart
DA:55,0
DA:57,0
DA:64,0
DA:65,0
DA:68,0
DA:69,0
DA:71,0
DA:72,0
DA:74,0
DA:78,0
DA:82,0
DA:95,0
DA:98,0
DA:110,0
DA:112,0
DA:116,0
DA:118,0
DA:122,0
DA:128,0
DA:130,0
DA:131,0
DA:138,0
DA:147,0
DA:149,0
DA:150,0
DA:161,0
DA:166,0
DA:168,0
DA:174,0
DA:180,0
DA:183,0
DA:187,0
LF:32
LH:0
end_of_record
SF:lib\features\booking\data\datasources\booking_local_data_source.dart
DA:25,0
DA:27,0
DA:29,0
DA:31,0
DA:32,0
DA:34,0
DA:37,0
DA:39,0
DA:40,0
DA:43,0
DA:45,0
DA:47,0
DA:52,0
DA:54,0
DA:55,0
DA:58,0
DA:60,0
DA:61,0
DA:63,0
DA:64,0
DA:66,0
DA:69,0
DA:71,0
DA:72,0
DA:73,0
DA:76,0
DA:78,0
DA:79,0
DA:80,0
DA:81,0
DA:82,0
DA:83,0
LF:32
LH:0
end_of_record
SF:lib\features\booking\data\repositories\booking_repository_impl.dart
DA:17,0
DA:23,0
DA:28,0
DA:30,0
DA:34,0
DA:35,0
DA:37,0
DA:42,0
DA:43,0
DA:45,0
DA:50,0
DA:63,0
DA:65,0
DA:77,0
DA:78,0
DA:80,0
DA:83,0
DA:87,0
DA:89,0
DA:91,0
DA:92,0
DA:93,0
DA:95,0
DA:99,0
DA:100,0
DA:102,0
DA:107,0
DA:110,0
DA:112,0
DA:113,0
DA:114,0
DA:116,0
DA:121,0
DA:123,0
DA:125,0
DA:128,0
DA:133,0
DA:139,0
DA:141,0
DA:146,0
DA:147,0
DA:149,0
DA:152,0
DA:156,0
DA:164,0
DA:166,0
DA:173,0
DA:174,0
DA:176,0
DA:180,0
DA:182,0
DA:183,0
DA:184,0
DA:185,0
DA:186,0
DA:187,0
DA:188,0
DA:189,0
DA:192,0
DA:193,0
DA:194,0
DA:195,0
DA:196,0
DA:197,0
DA:198,0
DA:199,0
DA:200,0
DA:201,0
DA:202,0
DA:203,0
DA:204,0
DA:205,0
DA:206,0
DA:207,0
DA:210,0
DA:211,0
DA:213,0
DA:215,0
DA:220,0
DA:225,0
DA:227,0
DA:233,0
DA:236,0
DA:240,0
DA:245,0
DA:247,0
DA:253,0
DA:256,0
DA:260,0
DA:264,0
DA:266,0
DA:269,0
DA:270,0
DA:272,0
DA:275,0
LF:95
LH:0
end_of_record
SF:lib\features\booking\domain\usecases\create_booking_usecase.dart
DA:12,0
DA:14,0
DA:16,0
DA:17,0
DA:18,0
DA:19,0
DA:20,0
DA:21,0
DA:22,0
DA:23,0
DA:24,0
DA:25,0
DA:26,0
DA:43,0
DA:56,0
DA:57,0
DA:58,0
DA:59,0
DA:60,0
DA:61,0
DA:62,0
DA:63,0
DA:64,0
DA:65,0
DA:66,0
DA:67,0
LF:26
LH:0
end_of_record
SF:lib\features\booking\domain\usecases\get_available_time_slots_usecase.dart
DA:12,0
DA:14,0
DA:16,0
DA:17,0
DA:18,0
DA:27,2
DA:32,0
DA:33,0
LF:8
LH:1
end_of_record
SF:lib\features\booking\domain\usecases\get_user_bookings_usecase.dart
DA:11,0
DA:13,0
DA:15,0
LF:3
LH:0
end_of_record
SF:lib\features\booking\domain\usecases\get_booking_details_usecase.dart
DA:13,0
DA:15,0
DA:18,0
DA:25,2
DA:27,0
DA:28,0
LF:6
LH:1
end_of_record
SF:lib\features\booking\domain\usecases\client_confirm_completion_usecase.dart
DA:13,0
DA:15,0
DA:18,0
DA:19,0
DA:27,0
DA:29,0
DA:30,0
LF:7
LH:0
end_of_record
SF:lib\features\booking\domain\usecases\cancel_booking_usecase.dart
DA:11,0
DA:13,0
DA:15,0
DA:16,0
DA:17,0
DA:26,0
DA:31,0
DA:32,0
LF:8
LH:0
end_of_record
SF:lib\features\booking\domain\usecases\reschedule_booking_usecase.dart
DA:13,0
DA:15,0
DA:18,0
DA:19,0
DA:20,0
DA:21,0
DA:22,0
DA:23,0
DA:35,2
DA:43,0
DA:44,0
LF:11
LH:1
end_of_record
SF:lib\features\booking\presentation\bloc\create_booking_state.dart
DA:4,0
DA:6,0
DA:7,0
DA:17,0
DA:19,0
DA:20,0
DA:26,0
DA:28,0
DA:29,0
DA:37,0
DA:39,0
DA:40,0
DA:46,0
DA:48,0
DA:49,0
LF:15
LH:0
end_of_record
SF:lib\features\booking\presentation\bloc\create_booking_bloc.dart
DA:16,0
DA:19,0
DA:20,0
DA:21,0
DA:22,0
DA:25,0
DA:29,0
DA:30,0
DA:31,0
DA:32,0
DA:34,0
DA:35,0
DA:36,0
DA:40,0
DA:44,0
DA:45,0
DA:46,0
DA:47,0
DA:48,0
DA:49,0
DA:50,0
DA:51,0
DA:52,0
DA:53,0
DA:54,0
DA:55,0
DA:57,0
DA:58,0
DA:59,0
DA:63,0
DA:67,0
LF:31
LH:0
end_of_record
SF:lib\features\booking\presentation\bloc\create_booking_event.dart
DA:4,0
DA:6,0
DA:7,0
DA:14,0
DA:19,0
DA:20,0
DA:35,0
DA:48,0
DA:49,0
DA:50,0
DA:51,0
DA:52,0
DA:53,0
DA:54,0
DA:55,0
DA:56,0
DA:57,0
DA:58,0
DA:59,0
LF:19
LH:0
end_of_record
SF:lib\features\booking\presentation\bloc\bookings_event.dart
DA:4,0
DA:6,0
DA:7,0
DA:15,0
DA:17,0
DA:18,0
DA:25,0
DA:30,0
DA:31,0
DA:37,0
DA:39,0
DA:40,0
DA:46,0
DA:48,0
DA:49,0
DA:57,0
DA:63,0
DA:64,0
LF:18
LH:0
end_of_record
SF:lib\features\booking\presentation\bloc\bookings_state.dart
DA:4,0
DA:6,0
DA:7,0
DA:17,0
DA:19,0
DA:20,0
DA:27,0
DA:29,0
DA:30,0
DA:36,0
DA:38,0
DA:39,0
DA:47,0
DA:49,0
DA:50,0
DA:56,0
DA:58,0
DA:59,0
DA:67,0
DA:69,0
DA:70,0
DA:78,0
DA:80,0
DA:81,0
LF:24
LH:0
end_of_record
SF:lib\features\booking\presentation\bloc\bookings_bloc.dart
DA:22,0
DA:28,0
DA:29,0
DA:30,0
DA:31,0
DA:32,0
DA:33,0
DA:34,0
DA:37,0
DA:41,0
DA:42,0
DA:43,0
DA:44,0
DA:45,0
DA:49,0
DA:53,0
DA:54,0
DA:55,0
DA:57,0
DA:58,0
DA:59,0
DA:63,0
DA:67,0
DA:68,0
DA:69,0
DA:70,0
DA:71,0
DA:72,0
DA:74,0
DA:75,0
DA:76,0
DA:78,0
DA:79,0
DA:80,0
DA:81,0
DA:87,0
DA:91,0
DA:92,0
DA:93,0
DA:95,0
DA:97,0
DA:98,0
DA:101,0
DA:105,0
DA:109,0
DA:110,0
DA:111,0
DA:113,0
DA:114,0
DA:115,0
DA:119,0
DA:123,0
DA:124,0
DA:125,0
DA:126,0
DA:127,0
DA:128,0
DA:129,0
DA:131,0
DA:132,0
DA:133,0
DA:135,0
DA:136,0
DA:137,0
DA:138,0
DA:139,0
LF:66
LH:0
end_of_record
SF:lib\features\booking\data\datasources\payment_remote_data_source.dart
DA:26,0
DA:28,0
DA:32,0
DA:33,0
DA:42,0
DA:54,0
DA:62,0
DA:66,0
DA:77,0
DA:81,0
DA:85,0
DA:89,0
DA:93,0
LF:13
LH:0
end_of_record
SF:lib\features\booking\data\datasources\payment_local_data_source.dart
DA:12,0
DA:16,0
DA:17,0
DA:20,0
DA:24,0
DA:28,0
LF:6
LH:0
end_of_record
SF:lib\features\booking\data\repositories\payment_repository_impl.dart
DA:14,0
DA:20,0
DA:22,0
DA:24,0
DA:25,0
DA:26,0
DA:28,0
DA:32,0
DA:33,0
DA:35,0
DA:40,0
DA:46,0
DA:48,0
DA:53,0
DA:55,0
DA:58,0
DA:62,0
DA:71,0
DA:73,0
DA:84,0
DA:85,0
DA:88,0
DA:90,0
DA:93,0
DA:97,0
DA:99,0
DA:101,0
DA:105,0
DA:106,0
DA:109,0
DA:111,0
DA:114,0
DA:118,0
DA:120,0
DA:122,0
DA:126,0
DA:127,0
DA:130,0
DA:132,0
DA:135,0
LF:40
LH:0
end_of_record
SF:lib\features\booking\domain\usecases\get_payment_methods_usecase.dart
DA:10,0
DA:12,0
DA:14,0
LF:3
LH:0
end_of_record
SF:lib\features\booking\domain\usecases\process_payment_usecase.dart
DA:10,0
DA:12,0
DA:14,0
DA:15,0
DA:16,0
DA:17,0
DA:27,0
DA:33,0
DA:34,0
LF:9
LH:0
end_of_record
SF:lib\features\booking\presentation\bloc\payment_bloc\payment_state.dart
DA:4,0
DA:6,0
DA:7,0
DA:17,0
DA:19,0
DA:20,0
DA:26,0
DA:28,0
DA:29,0
DA:39,0
DA:41,0
DA:42,0
LF:12
LH:0
end_of_record
SF:lib\features\booking\presentation\bloc\payment_bloc\payment_bloc.dart
DA:15,0
DA:18,0
DA:19,0
DA:20,0
DA:23,0
DA:27,0
DA:30,0
DA:32,0
DA:33,0
DA:34,0
DA:37,0
DA:41,0
DA:45,0
DA:48,0
DA:49,0
DA:50,0
DA:51,0
DA:52,0
DA:56,0
DA:57,0
DA:58,0
DA:61,0
LF:22
LH:0
end_of_record
SF:lib\features\booking\presentation\bloc\payment_bloc\payment_event.dart
DA:4,0
DA:6,0
DA:7,0
DA:11,0
DA:19,0
DA:25,0
DA:26,0
LF:7
LH:0
end_of_record
SF:lib\features\chat\data\datasources\chat_remote_data_source.dart
DA:26,0
DA:29,0
DA:32,0
DA:33,0
DA:41,0
DA:43,0
DA:45,0
DA:53,0
DA:55,0
DA:57,0
DA:64,0
DA:66,0
DA:71,0
DA:74,0
DA:77,0
DA:78,0
DA:79,0
DA:86,0
DA:89,0
DA:95,0
DA:99,0
DA:100,0
DA:101,0
DA:107,0
DA:110,0
DA:117,0
DA:122,0
DA:123,0
DA:129,0
DA:132,0
DA:139,0
DA:146,0
DA:149,0
DA:151,0
DA:152,0
DA:153,0
DA:154,0
DA:155,0
DA:156,0
DA:157,0
DA:160,0
DA:168,0
DA:174,0
DA:179,0
DA:182,0
DA:185,0
DA:190,0
LF:47
LH:0
end_of_record
SF:lib\features\chat\data\datasources\chat_local_data_source.dart
DA:16,0
DA:20,0
DA:21,0
DA:24,0
DA:28,0
DA:32,0
DA:35,0
DA:39,0
DA:40,0
DA:41,0
DA:44,0
DA:48,0
DA:52,0
DA:53,0
LF:14
LH:0
end_of_record
SF:lib\features\chat\data\repositories\chat_repository_impl.dart
DA:16,0
DA:22,0
DA:24,0
DA:26,0
DA:27,0
DA:28,0
DA:30,0
DA:34,0
DA:35,0
DA:37,0
DA:42,0
DA:44,0
DA:46,0
DA:47,0
DA:49,0
DA:53,0
DA:54,0
DA:55,0
DA:56,0
DA:57,0
DA:58,0
DA:59,0
DA:60,0
DA:62,0
DA:67,0
DA:70,0
DA:72,0
DA:73,0
DA:74,0
DA:76,0
DA:80,0
DA:81,0
DA:83,0
DA:88,0
DA:95,0
DA:97,0
DA:103,0
DA:105,0
DA:108,0
DA:112,0
DA:116,0
DA:119,0
DA:120,0
DA:122,0
DA:125,0
DA:129,0
DA:133,0
DA:136,0
DA:137,0
DA:139,0
DA:142,0
DA:146,0
DA:150,0
LF:53
LH:0
end_of_record
SF:lib\features\chat\domain\usecases\get_chat_list_usecase.dart
DA:10,0
DA:12,0
DA:14,0
LF:3
LH:0
end_of_record
SF:lib\features\chat\domain\usecases\get_chat_messages_usecase.dart
DA:11,0
DA:13,0
DA:15,0
DA:22,0
DA:24,0
DA:25,0
LF:6
LH:0
end_of_record
SF:lib\features\chat\domain\usecases\send_message_usecase.dart
DA:10,0
DA:12,0
DA:14,0
DA:15,0
DA:16,0
DA:17,0
DA:18,0
DA:29,0
DA:36,0
DA:37,0
LF:10
LH:0
end_of_record
SF:lib\features\chat\domain\usecases\search_chat_list_usecase.dart
DA:10,0
DA:12,0
DA:14,0
LF:3
LH:0
end_of_record
SF:lib\features\chat\presentation\bloc\chat_list_bloc\chat_list_state.dart
DA:5,0
DA:7,0
DA:8,0
DA:18,0
DA:20,0
DA:21,0
DA:27,0
DA:29,0
DA:30,0
LF:9
LH:0
end_of_record
SF:lib\features\chat\presentation\bloc\chat_list_bloc\chat_list_event.dart
DA:4,0
DA:6,0
DA:7,0
DA:11,0
DA:17,0
DA:19,0
DA:20,0
LF:7
LH:0
end_of_record
SF:lib\features\chat\presentation\bloc\chat_list_bloc\chat_list_bloc.dart
DA:16,0
DA:19,0
DA:20,0
DA:21,0
DA:24,0
DA:28,0
DA:31,0
DA:33,0
DA:34,0
DA:35,0
DA:38,0
DA:42,0
DA:46,0
DA:49,0
DA:51,0
DA:52,0
DA:53,0
DA:56,0
LF:18
LH:0
end_of_record
SF:lib\features\chat\presentation\bloc\chat_bloc\chat_event.dart
DA:4,0
DA:6,0
DA:7,0
DA:13,0
DA:15,0
DA:16,0
DA:25,0
DA:32,0
DA:33,0
LF:9
LH:0
end_of_record
SF:lib\features\chat\presentation\bloc\chat_bloc\chat_state.dart
DA:4,0
DA:6,0
DA:7,0
DA:19,0
DA:21,0
DA:22,0
DA:28,0
DA:30,0
DA:31,0
LF:9
LH:0
end_of_record
SF:lib\features\chat\presentation\bloc\chat_bloc\chat_bloc.dart
DA:14,0
DA:17,0
DA:18,0
DA:19,0
DA:22,0
DA:26,0
DA:29,0
DA:30,0
DA:32,0
DA:33,0
DA:34,0
DA:37,0
DA:41,0
DA:46,0
DA:47,0
DA:48,0
DA:51,0
DA:54,0
DA:55,0
DA:56,0
DA:57,0
DA:58,0
DA:59,0
DA:63,0
DA:64,0
DA:65,0
DA:67,0
DA:71,0
LF:28
LH:0
end_of_record
SF:lib\features\notifications\presentation\bloc\notifications_bloc.dart
DA:23,0
DA:31,0
DA:32,0
DA:33,0
DA:34,0
DA:35,0
DA:36,0
DA:37,0
DA:40,0
DA:44,0
DA:50,0
DA:51,0
DA:53,0
DA:54,0
DA:55,0
DA:56,0
DA:57,0
DA:61,0
DA:69,0
DA:73,0
DA:77,0
DA:78,0
DA:81,0
DA:83,0
DA:84,0
DA:85,0
DA:88,0
DA:89,0
DA:90,0
DA:93,0
DA:96,0
DA:98,0
DA:105,0
DA:110,0
DA:114,0
DA:115,0
DA:120,0
DA:121,0
DA:122,0
DA:124,0
DA:131,0
DA:132,0
DA:134,0
DA:135,0
DA:136,0
DA:137,0
DA:143,0
DA:148,0
DA:152,0
DA:153,0
DA:157,0
DA:158,0
DA:159,0
DA:162,0
DA:164,0
DA:171,0
DA:172,0
DA:173,0
DA:174,0
DA:176,0
DA:182,0
DA:187,0
DA:191,0
DA:193,0
DA:200,0
DA:201,0
DA:202,0
DA:203,0
DA:204,0
DA:205,0
DA:211,0
DA:216,0
DA:221,0
DA:226,0
DA:227,0
DA:228,0
DA:229,0
DA:235,0
DA:237,0
DA:239,0
DA:245,0
DA:247,0
DA:249,0
DA:255,0
DA:257,0
DA:259,0
DA:265,0
DA:267,0
LF:88
LH:0
end_of_record
SF:lib\features\notifications\domain\usecases\get_notifications_usecase.dart
DA:10,0
DA:12,0
DA:14,0
LF:3
LH:0
end_of_record
SF:lib\features\notifications\domain\usecases\mark_notification_read_usecase.dart
DA:9,0
DA:11,0
DA:13,0
LF:3
LH:0
end_of_record
SF:lib\features\notifications\domain\usecases\get_unread_count_usecase.dart
DA:9,0
DA:11,0
DA:13,0
LF:3
LH:0
end_of_record
SF:lib\features\notifications\domain\usecases\mark_all_as_read_usecase.dart
DA:9,0
DA:11,0
DA:13,0
LF:3
LH:0
end_of_record
SF:lib\features\notifications\domain\usecases\delete_notification_usecase.dart
DA:9,0
DA:11,0
DA:13,0
LF:3
LH:0
end_of_record
SF:lib\features\notifications\domain\usecases\delete_all_notifications_usecase.dart
DA:9,0
DA:11,0
DA:13,0
LF:3
LH:0
end_of_record
SF:lib\features\notifications\domain\entities\notification_entity.dart
DA:14,0
DA:26,0
DA:37,0
DA:38,0
DA:39,0
DA:40,0
DA:41,0
DA:42,0
DA:43,0
DA:44,0
DA:45,0
DA:46,0
DA:50,0
DA:51,0
DA:52,0
DA:53,0
DA:54,0
DA:55,0
DA:56,0
DA:57,0
DA:58,0
DA:59,0
DA:60,0
DA:79,0
DA:81,0
DA:83,0
DA:85,0
DA:87,0
DA:89,0
DA:91,0
DA:93,0
DA:95,0
DA:97,0
DA:99,0
DA:101,0
DA:106,0
DA:108,0
DA:110,0
DA:112,0
DA:114,0
DA:116,0
DA:118,0
DA:120,0
DA:122,0
DA:124,0
DA:126,0
DA:128,0
LF:47
LH:0
end_of_record
SF:lib\features\notifications\data\datasources\notification_remote_data_source.dart
DA:24,0
DA:26,0
DA:27,0
DA:29,0
DA:31,0
DA:32,0
DA:33,0
DA:34,0
DA:35,0
DA:37,0
DA:40,0
DA:42,0
DA:43,0
DA:44,0
DA:45,0
DA:46,0
DA:47,0
DA:51,0
DA:53,0
DA:54,0
DA:55,0
DA:56,0
DA:57,0
DA:58,0
DA:59,0
DA:61,0
DA:62,0
DA:63,0
DA:64,0
DA:65,0
DA:67,0
DA:68,0
DA:69,0
DA:70,0
DA:72,0
DA:75,0
DA:77,0
DA:78,0
DA:79,0
DA:80,0
DA:81,0
DA:83,0
DA:86,0
DA:88,0
DA:89,0
DA:90,0
DA:91,0
DA:92,0
DA:93,0
DA:97,0
DA:105,0
DA:106,0
DA:107,0
DA:108,0
DA:111,0
DA:112,0
DA:119,0
DA:121,0
DA:122,0
DA:123,0
DA:124,0
LF:61
LH:0
end_of_record
SF:lib\features\notifications\data\datasources\notification_local_data_source.dart
DA:15,0
DA:17,0
DA:19,0
DA:23,0
DA:24,0
DA:25,0
DA:26,0
DA:27,0
DA:28,0
DA:29,0
DA:30,0
DA:31,0
DA:32,0
DA:34,0
DA:35,0
DA:38,0
DA:40,0
DA:41,0
DA:42,0
DA:43,0
DA:44,0
DA:45,0
DA:46,0
DA:47,0
DA:48,0
DA:49,0
DA:50,0
DA:51,0
DA:52,0
DA:53,0
DA:54,0
DA:55,0
DA:56,0
DA:57,0
DA:59,0
DA:62,0
DA:64,0
LF:37
LH:0
end_of_record
SF:lib\features\notifications\data\repositories\notification_repository_impl.dart
DA:14,0
DA:20,0
DA:23,0
DA:24,0
DA:26,0
DA:29,0
DA:33,0
DA:37,0
DA:38,0
DA:43,0
DA:47,0
DA:51,0
DA:52,0
DA:53,0
DA:54,0
DA:56,0
DA:57,0
DA:60,0
DA:64,0
DA:67,0
DA:68,0
DA:71,0
DA:72,0
DA:73,0
DA:76,0
DA:80,0
DA:83,0
DA:84,0
DA:88,0
DA:92,0
DA:95,0
DA:96,0
DA:97,0
DA:99,0
DA:100,0
DA:101,0
DA:104,0
DA:108,0
DA:117,0
DA:118,0
DA:128,0
DA:130,0
LF:42
LH:0
end_of_record
SF:lib\features\profile\presentation\bloc\user_profile_bloc\user_profile_state.dart
DA:4,0
DA:6,0
DA:7,0
DA:17,0
DA:19,0
DA:20,0
DA:30,0
DA:32,0
DA:33,0
LF:9
LH:0
end_of_record
SF:lib\features\profile\presentation\bloc\user_profile_bloc\user_profile_event.dart
DA:4,4
DA:6,0
DA:7,0
DA:11,4
DA:21,0
DA:29,0
DA:30,0
DA:36,0
DA:40,0
DA:41,0
LF:10
LH:2
end_of_record
SF:lib\features\profile\presentation\bloc\user_profile_bloc\user_profile_bloc.dart
DA:8,0
DA:9,0
DA:10,0
DA:11,0
DA:14,0
DA:18,0
DA:21,0
DA:24,0
DA:32,0
DA:33,0
DA:36,0
DA:38,0
DA:42,0
DA:46,0
DA:47,0
DA:49,0
DA:52,0
DA:55,0
DA:58,0
DA:59,0
DA:61,0
DA:62,0
DA:64,0
DA:65,0
DA:67,0
DA:68,0
DA:70,0
DA:71,0
DA:75,0
DA:77,0
DA:78,0
DA:80,0
DA:81,0
DA:86,0
DA:90,0
DA:91,0
DA:93,0
DA:96,0
DA:99,0
DA:100,0
DA:101,0
DA:103,0
DA:104,0
DA:106,0
DA:107,0
LF:45
LH:0
end_of_record
SF:lib\features\profile\data\datasources\profile_remote_data_source.dart
DA:11,0
DA:13,0
DA:15,0
DA:22,0
DA:23,0
DA:27,0
DA:29,0
DA:32,0
DA:34,0
DA:37,0
LF:10
LH:0
end_of_record
SF:lib\features\profile\data\datasources\profile_local_data_source.dart
DA:9,0
DA:13,0
DA:15,0
DA:18,0
DA:20,0
LF:5
LH:0
end_of_record
SF:lib\features\profile\data\repositories\user_profile_repository_impl.dart
DA:12,0
DA:17,0
DA:21,0
DA:22,0
DA:23,0
DA:25,0
DA:26,0
DA:27,0
DA:31,0
DA:35,0
DA:36,0
DA:37,0
DA:39,0
DA:43,0
DA:48,0
DA:50,0
DA:54,0
DA:57,0
DA:58,0
DA:60,0
DA:61,0
DA:65,0
DA:68,0
DA:69,0
DA:71,0
LF:25
LH:0
end_of_record
SF:lib\features\profile\domain\usecases\get_user_profile_usecase.dart
DA:10,0
DA:12,0
DA:14,0
LF:3
LH:0
end_of_record
SF:lib\features\profile\domain\usecases\update_user_profile_usecase.dart
DA:10,0
DA:12,0
DA:14,0
LF:3
LH:0
end_of_record
SF:lib\features\profile\domain\usecases\change_password_usecase.dart
DA:10,0
DA:12,0
DA:14,0
DA:22,0
DA:27,0
DA:28,0
LF:6
LH:0
end_of_record
SF:lib\core\network\api_client.g.dart
DA:12,0
DA:13,0
DA:22,0
DA:24,0
DA:25,0
DA:26,0
DA:27,0
DA:29,0
DA:30,0
DA:31,0
DA:32,0
DA:37,0
DA:39,0
DA:42,0
DA:43,0
DA:44,0
DA:46,0
DA:52,0
DA:58,0
DA:59,0
DA:64,0
DA:65,0
DA:67,0
DA:68,0
DA:69,0
DA:70,0
DA:75,0
DA:77,0
DA:80,0
DA:82,0
DA:88,0
DA:90,0
DA:91,0
DA:92,0
DA:94,0
DA:95,0
DA:96,0
DA:97,0
DA:98,0
DA:102,0
DA:104,0
DA:107,0
DA:109,0
DA:115,0
DA:127,0
DA:128,0
DA:139,0
DA:140,0
DA:142,0
DA:143,0
DA:144,0
DA:145,0
DA:150,0
DA:152,0
DA:155,0
DA:156,0
DA:157,0
DA:159,0
DA:165,0
DA:167,0
DA:168,0
DA:169,0
DA:171,0
DA:172,0
DA:173,0
DA:174,0
DA:175,0
DA:179,0
DA:181,0
DA:184,0
DA:186,0
DA:192,0
DA:198,0
DA:199,0
DA:204,0
DA:206,0
DA:207,0
DA:208,0
DA:209,0
DA:214,0
DA:216,0
DA:219,0
DA:220,0
DA:221,0
DA:223,0
DA:229,0
DA:231,0
DA:232,0
DA:233,0
DA:235,0
DA:236,0
DA:237,0
DA:238,0
DA:243,0
DA:245,0
DA:248,0
DA:249,0
DA:250,0
DA:252,0
DA:258,0
DA:260,0
DA:261,0
DA:262,0
DA:264,0
DA:265,0
DA:266,0
DA:267,0
DA:268,0
DA:272,0
DA:274,0
DA:277,0
DA:279,0
DA:280,0
DA:281,0
DA:283,0
DA:284,0
DA:285,0
DA:286,0
DA:287,0
DA:291,0
DA:293,0
DA:296,0
DA:298,0
DA:299,0
DA:300,0
DA:302,0
DA:303,0
DA:304,0
DA:305,0
DA:310,0
DA:312,0
DA:315,0
DA:316,0
DA:317,0
DA:319,0
DA:325,0
DA:327,0
DA:328,0
DA:329,0
DA:330,0
DA:331,0
DA:332,0
DA:333,0
DA:334,0
DA:335,0
DA:340,0
DA:342,0
DA:345,0
DA:347,0
DA:353,0
DA:359,0
DA:360,0
DA:365,0
DA:366,0
DA:368,0
DA:369,0
DA:370,0
DA:371,0
DA:376,0
DA:378,0
DA:381,0
DA:382,0
DA:383,0
DA:385,0
DA:391,0
DA:393,0
DA:394,0
DA:395,0
DA:397,0
DA:398,0
DA:399,0
DA:400,0
DA:401,0
DA:405,0
DA:407,0
DA:410,0
DA:412,0
DA:418,0
DA:423,0
DA:424,0
DA:425,0
DA:426,0
DA:427,0
DA:428,0
DA:429,0
DA:430,0
DA:431,0
DA:432,0
DA:436,0
DA:438,0
DA:441,0
DA:443,0
DA:449,0
DA:451,0
DA:452,0
DA:453,0
DA:455,0
DA:456,0
DA:457,0
DA:458,0
DA:459,0
DA:463,0
DA:465,0
DA:468,0
DA:470,0
DA:476,0
DA:478,0
DA:479,0
DA:480,0
DA:482,0
DA:483,0
DA:484,0
DA:485,0
DA:486,0
DA:490,0
DA:492,0
DA:495,0
DA:497,0
DA:503,0
DA:508,0
DA:509,0
DA:510,0
DA:511,0
DA:512,0
DA:513,0
DA:514,0
DA:515,0
DA:516,0
DA:517,0
DA:521,0
DA:523,0
DA:526,0
DA:528,0
DA:534,0
DA:539,0
DA:540,0
DA:541,0
DA:542,0
DA:543,0
DA:544,0
DA:545,0
DA:546,0
DA:547,0
DA:548,0
DA:552,0
DA:554,0
DA:557,0
DA:559,0
DA:560,0
DA:561,0
DA:563,0
DA:564,0
DA:565,0
DA:566,0
DA:567,0
DA:571,0
DA:573,0
DA:576,0
DA:578,0
DA:584,0
DA:586,0
DA:587,0
DA:588,0
DA:590,0
DA:591,0
DA:592,0
DA:593,0
DA:594,0
DA:598,0
DA:600,0
DA:603,0
DA:605,0
DA:611,0
DA:613,0
DA:614,0
DA:615,0
DA:617,0
DA:618,0
DA:619,0
DA:620,0
DA:621,0
DA:625,0
DA:627,0
DA:630,0
DA:631,0
DA:632,0
DA:633,0
DA:634,0
DA:635,0
DA:637,0
DA:643,0
DA:644,0
DA:648,0
DA:650,0
DA:651,0
DA:654,0
LF:296
LH:0
end_of_record
SF:lib\core\services\location_service.dart
DA:15,0
DA:18,0
DA:24,0
DA:25,0
DA:26,0
DA:27,0
DA:32,0
DA:39,0
DA:42,0
DA:47,0
DA:58,0
DA:63,0
DA:65,0
DA:66,0
DA:67,0
DA:76,0
DA:79,0
DA:81,0
DA:82,0
DA:83,0
DA:84,0
DA:85,0
DA:86,0
DA:103,0
DA:105,0
DA:115,0
LF:26
LH:0
end_of_record
SF:lib\core\services\file_upload_service.dart
DA:34,0
DA:36,0
DA:37,0
DA:38,0
DA:43,0
DA:46,0
DA:49,0
DA:56,0
DA:62,0
DA:65,0
DA:66,0
DA:68,0
DA:75,0
DA:81,0
DA:84,0
DA:85,0
DA:87,0
DA:93,0
DA:95,0
DA:99,0
DA:102,0
DA:105,0
DA:107,0
DA:110,0
DA:111,0
DA:118,0
DA:126,0
DA:129,0
DA:130,0
DA:131,0
DA:132,0
DA:134,0
DA:136,0
DA:137,0
DA:140,0
DA:141,0
DA:143,0
DA:144,0
DA:149,0
DA:151,0
DA:153,0
DA:154,0
DA:155,0
DA:157,0
DA:162,0
DA:169,0
DA:172,0
DA:174,0
DA:176,0
DA:177,0
DA:178,0
DA:183,0
DA:186,0
DA:187,0
DA:191,0
DA:192,0
DA:194,0
DA:195,0
DA:201,0
DA:203,0
DA:212,0
DA:215,0
DA:217,0
DA:218,0
DA:219,0
DA:220,0
DA:229,0
DA:231,0
DA:233,0
DA:234,0
DA:236,0
DA:243,0
DA:246,0
DA:248,0
DA:250,0
DA:253,0
DA:260,0
DA:261,0
DA:265,0
DA:266,0
DA:270,0
DA:272,0
DA:274,0
DA:278,0
DA:291,0
LF:85
LH:0
end_of_record
SF:lib\core\services\auth_service_impl.dart
DA:12,0
DA:26,0
DA:32,0
DA:33,0
DA:40,0
DA:41,0
DA:45,0
DA:46,0
DA:48,0
DA:49,0
DA:50,0
DA:51,0
DA:54,0
DA:56,0
DA:57,0
DA:58,0
DA:60,0
DA:61,0
DA:63,0
DA:64,0
DA:65,0
DA:66,0
DA:67,0
DA:68,0
DA:70,0
DA:73,0
DA:77,0
DA:83,0
DA:88,0
DA:92,0
DA:94,0
DA:97,0
DA:100,0
DA:102,0
DA:106,0
DA:109,0
DA:110,0
DA:111,0
DA:113,0
DA:117,0
DA:119,0
DA:122,0
DA:124,0
DA:131,0
DA:133,0
DA:134,0
DA:136,0
DA:137,0
DA:139,0
DA:143,0
DA:147,0
DA:150,0
DA:151,0
DA:152,0
DA:153,0
DA:155,0
DA:159,0
DA:163,0
DA:166,0
DA:168,0
DA:172,0
DA:176,0
DA:178,0
DA:180,0
DA:184,0
DA:185,0
DA:186,0
DA:187,0
DA:189,0
DA:192,0
DA:193,0
DA:196,0
DA:197,0
DA:198,0
DA:199,0
DA:205,0
LF:76
LH:0
end_of_record
SF:lib\features\services\data\models\service_model.dart
DA:9,0
DA:22,0
DA:23,0
DA:25,0
DA:26,0
DA:28,0
DA:29,0
DA:30,0
DA:31,0
DA:32,0
DA:33,0
DA:34,0
DA:35,0
DA:36,0
DA:37,0
DA:38,0
DA:39,0
DA:44,0
LF:18
LH:0
end_of_record
SF:lib\features\services\data\models\service_model.g.dart
DA:9,0
DA:10,0
DA:11,0
DA:12,0
DA:13,0
DA:14,0
DA:15,0
DA:17,0
DA:18,0
DA:19,0
DA:20,0
DA:23,0
DA:24,0
DA:25,0
DA:26,0
DA:27,0
DA:28,0
DA:29,0
DA:30,0
DA:31,0
DA:32,0
DA:33,0
DA:34,0
LF:23
LH:0
end_of_record
SF:lib\features\providers\data\models\provider_model.dart
DA:32,0
DA:55,0
DA:56,0
DA:58,0
DA:60,0
DA:61,0
DA:62,0
DA:63,0
DA:64,0
DA:65,0
DA:66,0
DA:67,0
DA:68,0
DA:69,0
DA:70,0
DA:71,0
DA:72,0
DA:73,0
DA:74,0
DA:75,0
DA:76,0
DA:77,0
DA:78,0
DA:79,0
DA:80,0
DA:83,0
DA:84,0
DA:85,0
DA:86,0
DA:87,0
DA:88,0
DA:89,0
DA:90,0
DA:91,0
DA:92,0
DA:93,0
DA:94,0
DA:95,0
DA:96,0
DA:97,0
DA:98,0
DA:99,0
DA:100,0
DA:101,0
DA:102,0
DA:103,0
LF:46
LH:0
end_of_record
SF:lib\features\providers\data\models\provider_model.g.dart
DA:9,0
DA:10,0
DA:11,0
DA:12,0
DA:13,0
DA:14,0
DA:15,0
DA:16,0
DA:17,0
DA:18,0
DA:20,0
DA:21,0
DA:22,0
DA:23,0
DA:24,0
DA:25,0
DA:26,0
DA:27,0
DA:28,0
DA:29,0
DA:30,0
DA:31,0
DA:32,0
DA:33,0
DA:36,0
DA:37,0
DA:38,0
DA:39,0
DA:40,0
DA:41,0
DA:42,0
DA:43,0
DA:44,0
DA:45,0
DA:46,0
DA:47,0
DA:48,0
DA:49,0
DA:50,0
DA:51,0
DA:52,0
DA:53,0
DA:54,0
DA:55,0
DA:56,0
DA:57,0
LF:46
LH:0
end_of_record
SF:lib\features\booking\data\models\booking_model.dart
DA:9,0
DA:37,0
DA:38,0
DA:40,0
DA:42,0
DA:43,0
DA:44,0
DA:45,0
DA:46,0
DA:47,0
DA:48,0
DA:49,0
DA:50,0
DA:51,0
DA:52,0
DA:53,0
DA:54,0
DA:55,0
DA:56,0
DA:57,0
DA:58,0
DA:59,0
DA:60,0
DA:61,0
DA:62,0
DA:63,0
DA:64,0
DA:65,0
DA:66,0
DA:67,0
DA:68,0
LF:31
LH:0
end_of_record
SF:lib\features\booking\data\models\booking_model.g.dart
DA:9,0
DA:10,0
DA:11,0
DA:12,0
DA:13,0
DA:14,0
DA:15,0
DA:16,0
DA:17,0
DA:18,0
DA:19,0
DA:20,0
DA:21,0
DA:22,0
DA:23,0
DA:24,0
DA:25,0
DA:26,0
DA:27,0
DA:28,0
DA:29,0
DA:30,0
DA:31,0
DA:32,0
DA:33,0
DA:34,0
DA:35,0
DA:36,0
DA:39,0
DA:40,0
DA:41,0
DA:42,0
DA:43,0
DA:44,0
DA:45,0
DA:46,0
DA:47,0
DA:48,0
DA:49,0
DA:50,0
DA:51,0
DA:52,0
DA:53,0
DA:54,0
DA:55,0
DA:56,0
DA:57,0
DA:58,0
DA:59,0
DA:60,0
DA:61,0
DA:62,0
DA:63,0
DA:64,0
DA:65,0
LF:55
LH:0
end_of_record
SF:lib\core\network\models\pagination_response_model.dart
DA:14,0
DA:21,0
DA:22,0
DA:24,0
LF:4
LH:0
end_of_record
SF:lib\core\network\models\pagination_response_model.g.dart
DA:9,0
DA:11,0
DA:12,0
DA:13,0
DA:14,0
DA:15,0
DA:16,0
DA:17,0
DA:20,0
DA:22,0
DA:23,0
DA:24,0
DA:25,0
DA:26,0
LF:14
LH:0
end_of_record
SF:lib\core\routes\app_routes.dart
DA:101,1
DA:102,1
DA:103,1
DA:104,0
DA:106,1
DA:107,0
DA:108,0
DA:109,0
DA:114,1
DA:115,0
DA:116,0
DA:117,0
DA:122,1
DA:123,0
DA:124,0
DA:125,0
DA:130,1
DA:131,0
DA:132,0
DA:133,0
DA:138,1
DA:139,0
DA:141,1
DA:142,0
DA:143,0
DA:144,0
DA:149,1
DA:150,0
DA:151,0
DA:152,0
DA:157,1
DA:158,0
DA:160,1
DA:161,0
DA:163,1
DA:164,0
DA:165,0
DA:166,0
DA:167,0
DA:168,0
DA:172,1
DA:173,0
DA:174,0
DA:175,0
DA:178,1
DA:179,0
DA:180,0
DA:181,0
DA:186,1
DA:187,0
DA:188,0
DA:189,0
DA:190,0
DA:191,0
DA:195,1
DA:196,0
DA:197,0
DA:198,0
DA:199,0
DA:200,0
DA:204,1
DA:205,0
DA:206,0
DA:207,0
DA:208,0
DA:209,0
DA:213,1
DA:214,0
DA:215,0
DA:216,0
DA:217,0
DA:218,0
DA:219,0
DA:220,0
DA:225,1
DA:226,0
DA:227,0
DA:228,0
DA:233,1
DA:234,0
DA:235,0
DA:236,0
DA:237,0
DA:238,0
DA:242,1
DA:243,0
DA:244,0
DA:245,0
DA:246,0
DA:247,0
DA:248,0
DA:249,0
DA:254,1
DA:255,0
DA:256,0
DA:257,0
DA:262,1
DA:263,0
DA:264,0
DA:265,0
DA:266,0
DA:267,0
DA:269,0
DA:270,0
DA:271,0
DA:272,0
DA:273,0
DA:280,1
DA:281,0
DA:282,0
DA:283,0
DA:288,1
DA:289,0
DA:290,0
DA:291,0
DA:296,1
DA:297,0
DA:298,0
DA:299,0
DA:304,1
DA:305,0
DA:307,1
DA:308,0
DA:309,0
DA:310,0
DA:311,0
DA:312,0
DA:313,0
DA:318,1
DA:319,0
DA:320,0
DA:321,0
DA:322,0
DA:323,0
DA:325,0
DA:326,0
DA:329,0
DA:330,0
DA:335,1
DA:336,0
DA:338,1
DA:339,0
DA:340,0
DA:341,0
DA:346,1
DA:347,0
DA:349,1
DA:350,0
DA:352,1
DA:353,0
DA:354,0
DA:355,0
DA:360,1
DA:361,0
DA:362,0
DA:363,0
DA:366,1
DA:367,1
DA:368,1
DA:369,2
DA:372,0
DA:373,0
DA:374,0
DA:375,0
DA:376,0
DA:379,0
DA:380,0
DA:381,0
DA:382,0
DA:383,0
DA:384,0
DA:388,0
DA:389,0
DA:390,0
DA:391,0
DA:396,0
DA:397,0
DA:398,0
DA:399,0
DA:400,0
DA:401,0
DA:402,0
DA:403,0
DA:404,0
DA:410,0
DA:420,1
DA:421,1
DA:422,1
LF:188
LH:43
end_of_record
SF:lib\features\auth\presentation\pages\welcome_screen.dart
DA:11,4
DA:13,0
DA:16,0
DA:17,0
DA:19,0
DA:20,0
DA:23,0
DA:24,0
DA:27,0
DA:28,0
DA:29,0
DA:33,0
DA:34,0
DA:35,0
DA:36,0
DA:37,0
DA:38,0
DA:39,0
DA:41,0
DA:42,0
DA:44,0
DA:45,0
DA:49,0
DA:51,0
DA:54,0
DA:55,0
DA:56,0
DA:62,0
DA:65,0
DA:71,0
DA:73,0
DA:82,0
DA:85,0
DA:87,0
DA:95,0
DA:96,0
DA:97,0
DA:99,0
DA:100,0
DA:103,0
DA:106,0
DA:108,0
DA:109,0
DA:121,0
DA:122,0
DA:124,0
DA:125,0
DA:127,0
DA:129,0
DA:132,0
DA:133,0
DA:136,0
DA:138,0
DA:145,0
DA:147,0
DA:149,0
DA:152,0
DA:153,0
DA:156,0
DA:158,0
LF:60
LH:1
end_of_record
SF:lib\features\auth\presentation\pages\user_type_selection_screen.dart
DA:9,4
DA:11,0
DA:13,0
DA:16,0
DA:17,0
DA:18,0
DA:19,0
DA:21,0
DA:23,0
DA:25,0
DA:27,0
DA:28,0
DA:29,0
DA:31,0
DA:39,0
DA:40,0
DA:41,0
DA:44,0
DA:45,0
DA:46,0
DA:55,0
DA:57,0
DA:64,0
DA:66,0
DA:77,0
DA:78,0
DA:79,0
DA:83,0
DA:89,0
DA:93,0
DA:102,0
DA:104,0
DA:105,0
DA:107,0
DA:112,0
DA:113,0
DA:117,0
DA:119,0
DA:122,0
DA:137,0
DA:138,0
DA:139,0
DA:144,0
DA:159,0
DA:167,0
DA:169,0
DA:171,0
DA:172,0
DA:174,0
DA:175,0
DA:176,0
DA:177,0
DA:179,0
DA:180,0
DA:181,0
DA:184,0
DA:185,0
DA:186,0
DA:188,0
DA:189,0
DA:191,0
DA:197,0
DA:198,0
DA:200,0
DA:201,0
DA:202,0
DA:203,0
DA:210,0
DA:211,0
DA:212,0
DA:221,0
LF:71
LH:1
end_of_record
SF:lib\features\auth\presentation\pages\client_sign_up_screen.dart
DA:12,4
DA:14,0
DA:15,0
DA:29,0
DA:31,0
DA:32,0
DA:33,0
DA:34,0
DA:35,0
DA:36,0
DA:39,0
DA:41,0
DA:43,0
DA:44,0
DA:45,0
DA:48,0
DA:49,0
DA:50,0
DA:52,0
DA:54,0
DA:62,0
DA:63,0
DA:64,0
DA:65,0
DA:68,0
DA:70,0
DA:71,0
DA:72,0
DA:73,0
DA:79,0
DA:80,0
DA:81,0
DA:83,0
DA:84,0
DA:85,0
DA:87,0
DA:91,0
DA:92,0
DA:93,0
DA:96,0
DA:97,0
DA:98,0
DA:107,0
DA:109,0
DA:116,0
DA:118,0
DA:130,0
DA:131,0
DA:141,0
DA:142,0
DA:152,0
DA:153,0
DA:163,0
DA:164,0
DA:168,0
DA:169,0
DA:170,0
DA:171,0
DA:174,0
DA:175,0
DA:176,0
DA:185,0
DA:186,0
DA:190,0
DA:191,0
DA:192,0
DA:193,0
DA:196,0
DA:197,0
DA:198,0
DA:202,0
DA:203,0
DA:213,0
DA:214,0
DA:215,0
DA:216,0
DA:217,0
DA:218,0
DA:219,0
DA:222,0
DA:224,0
DA:225,0
DA:226,0
DA:227,0
DA:228,0
DA:231,0
DA:232,0
DA:233,0
DA:234,0
DA:236,0
DA:241,0
DA:243,0
DA:245,0
DA:249,0
DA:251,0
DA:256,0
DA:258,0
DA:260,0
DA:275,0
DA:277,0
DA:278,0
DA:284,0
DA:286,0
DA:287,0
DA:289,0
DA:294,0
DA:295,0
DA:299,0
DA:301,0
DA:304,0
DA:320,0
DA:321,0
DA:322,0
DA:323,0
DA:324,0
DA:325,0
DA:326,0
DA:327,0
LF:118
LH:1
end_of_record
SF:lib\features\auth\presentation\pages\technician_sign_up_screen.dart
DA:12,4
DA:14,0
DA:15,0
DA:44,0
DA:46,0
DA:47,0
DA:48,0
DA:49,0
DA:50,0
DA:51,0
DA:52,0
DA:55,0
DA:57,0
DA:59,0
DA:60,0
DA:61,0
DA:64,0
DA:65,0
DA:66,0
DA:68,0
DA:70,0
DA:78,0
DA:79,0
DA:80,0
DA:81,0
DA:84,0
DA:86,0
DA:87,0
DA:88,0
DA:89,0
DA:95,0
DA:96,0
DA:97,0
DA:99,0
DA:100,0
DA:101,0
DA:103,0
DA:107,0
DA:108,0
DA:109,0
DA:112,0
DA:113,0
DA:114,0
DA:123,0
DA:125,0
DA:132,0
DA:134,0
DA:146,0
DA:147,0
DA:157,0
DA:158,0
DA:168,0
DA:169,0
DA:180,0
DA:182,0
DA:183,0
DA:185,0
DA:192,0
DA:193,0
DA:194,0
DA:197,0
DA:198,0
DA:199,0
DA:201,0
DA:202,0
DA:203,0
DA:205,0
DA:206,0
DA:207,0
DA:212,0
DA:213,0
DA:215,0
DA:217,0
DA:220,0
DA:221,0
DA:222,0
DA:223,0
DA:224,0
DA:225,0
DA:227,0
DA:231,0
DA:232,0
DA:242,0
DA:244,0
DA:245,0
DA:249,0
DA:250,0
DA:258,0
DA:260,0
DA:261,0
DA:265,0
DA:266,0
DA:267,0
DA:268,0
DA:271,0
DA:272,0
DA:273,0
DA:280,0
DA:282,0
DA:283,0
DA:287,0
DA:288,0
DA:289,0
DA:290,0
DA:293,0
DA:294,0
DA:295,0
DA:299,0
DA:300,0
DA:307,0
DA:310,0
DA:311,0
DA:312,0
DA:313,0
DA:314,0
DA:315,0
DA:316,0
DA:319,0
DA:321,0
DA:322,0
DA:323,0
DA:324,0
DA:325,0
DA:328,0
DA:329,0
DA:330,0
DA:331,0
DA:333,0
DA:338,0
DA:340,0
DA:342,0
DA:346,0
DA:348,0
DA:353,0
DA:355,0
DA:357,0
DA:369,0
DA:372,0
DA:374,0
DA:375,0
DA:378,0
DA:381,0
DA:383,0
DA:384,0
DA:386,0
DA:391,0
DA:392,0
DA:396,0
DA:398,0
DA:401,0
DA:408,0
DA:419,0
DA:420,0
DA:422,0
DA:423,0
DA:424,0
DA:425,0
DA:426,0
DA:427,0
DA:428,0
DA:429,0
DA:430,0
LF:162
LH:1
end_of_record
SF:lib\features\auth\presentation\pages\forgot_password_screen.dart
DA:11,4
DA:13,0
DA:14,0
DA:21,0
DA:23,0
DA:24,0
DA:27,0
DA:29,0
DA:31,0
DA:32,0
DA:33,0
DA:36,0
DA:37,0
DA:38,0
DA:41,0
DA:42,0
DA:43,0
DA:44,0
DA:45,0
DA:46,0
DA:50,0
DA:51,0
DA:57,0
DA:60,0
DA:61,0
DA:63,0
DA:64,0
DA:65,0
DA:67,0
DA:71,0
DA:73,0
DA:76,0
DA:82,0
DA:84,0
DA:86,0
DA:94,0
DA:95,0
DA:106,0
DA:107,0
DA:108,0
DA:110,0
DA:111,0
DA:112,0
DA:113,0
DA:114,0
DA:115,0
DA:127,0
DA:128,0
DA:129,0
DA:130,0
DA:132,0
DA:134,0
DA:135,0
DA:138,0
DA:141,0
DA:143,0
DA:144,0
DA:156,0
DA:158,0
DA:159,0
DA:160,0
DA:161,0
DA:163,0
DA:164,0
DA:165,0
DA:167,0
DA:171,0
DA:172,0
DA:174,0
DA:176,0
LF:70
LH:1
end_of_record
SF:lib\features\auth\presentation\bloc\user_type_selection_bloc.dart
DA:6,0
DA:7,0
DA:8,0
DA:11,0
DA:15,0
DA:19,0
DA:20,0
DA:25,0
DA:27,0
DA:29,0
DA:33,0
DA:37,0
LF:12
LH:0
end_of_record
SF:lib\features\home\presentation\pages\home_screen.dart
DA:12,4
DA:14,0
DA:16,0
DA:18,0
DA:19,0
DA:20,0
DA:23,0
DA:25,0
DA:26,0
DA:30,0
DA:31,0
DA:32,0
DA:33,0
DA:34,0
DA:37,0
DA:38,0
DA:39,0
DA:40,0
DA:43,0
DA:78,0
DA:80,0
DA:82,0
DA:84,0
DA:87,0
DA:88,0
DA:89,0
DA:90,0
DA:91,0
DA:96,0
DA:98,0
DA:100,0
DA:101,0
DA:103,0
DA:110,0
DA:112,0
DA:114,0
DA:124,0
DA:126,0
DA:129,0
DA:135,0
DA:141,0
DA:142,0
DA:148,0
DA:154,0
DA:160,0
DA:166,0
DA:172,0
DA:184,0
DA:186,0
DA:189,0
DA:195,0
DA:196,0
DA:197,0
DA:198,0
DA:202,0
DA:206,0
DA:207,0
DA:222,0
DA:228,0
DA:229,0
DA:231,0
DA:232,0
DA:233,0
DA:234,0
DA:240,0
DA:242,0
DA:243,0
DA:244,0
DA:246,0
DA:248,0
DA:250,0
DA:252,0
DA:253,0
DA:255,0
DA:256,0
DA:259,0
DA:266,0
DA:268,0
DA:271,0
DA:282,0
DA:288,0
DA:290,0
DA:292,0
DA:293,0
DA:294,0
DA:295,0
DA:301,0
DA:303,0
DA:304,0
DA:305,0
DA:306,0
DA:307,0
DA:308,0
DA:309,0
DA:312,0
DA:314,0
DA:315,0
DA:316,0
DA:318,0
DA:319,0
DA:322,0
DA:329,0
DA:331,0
DA:334,0
LF:104
LH:1
end_of_record
SF:lib\features\home\presentation\pages\main_dashboard.dart
DA:40,4
DA:42,0
DA:43,0
DA:51,0
DA:53,0
DA:54,0
DA:57,0
DA:59,0
DA:60,0
DA:63,0
DA:64,0
DA:66,0
DA:67,0
DA:70,0
DA:71,0
DA:79,0
DA:81,0
DA:83,0
DA:84,0
DA:85,0
DA:86,0
DA:88,0
DA:89,0
DA:91,0
DA:92,0
DA:93,0
DA:94,0
DA:95,0
DA:96,0
DA:97,0
DA:100,0
DA:101,0
DA:103,0
DA:104,0
DA:106,0
DA:107,0
DA:109,0
DA:110,0
DA:113,0
DA:114,0
DA:115,0
DA:117,0
DA:118,0
DA:119,0
DA:122,0
DA:123,0
DA:124,0
DA:125,0
DA:127,0
DA:128,0
DA:129,0
DA:131,0
DA:132,0
DA:133,0
DA:135,0
DA:136,0
DA:137,0
DA:139,0
DA:140,0
DA:141,0
DA:145,0
DA:146,0
DA:148,0
DA:149,0
DA:150,0
DA:156,0
DA:157,0
DA:161,0
DA:163,0
DA:164,0
DA:171,0
DA:178,0
DA:185,0
DA:192,0
DA:208,0
DA:215,0
DA:217,0
DA:218,0
DA:220,0
DA:221,0
DA:222,0
DA:223,0
DA:227,0
DA:229,0
DA:231,0
DA:233,0
DA:235,0
DA:238,0
DA:240,0
DA:243,0
DA:245,0
DA:247,0
DA:254,0
DA:256,0
DA:259,0
DA:261,0
LF:96
LH:1
end_of_record
SF:lib\features\services\presentation\pages\services_screen.dart
DA:13,0
DA:15,0
DA:16,0
DA:22,0
DA:24,0
DA:25,0
DA:27,0
DA:28,0
DA:29,0
DA:30,0
DA:34,0
DA:35,0
DA:40,0
DA:42,0
DA:43,0
DA:47,0
DA:49,0
DA:51,0
DA:52,0
DA:53,0
DA:56,0
DA:57,0
DA:58,0
DA:59,0
DA:63,0
DA:64,0
DA:65,0
DA:67,0
DA:68,0
DA:69,0
DA:70,0
DA:71,0
DA:74,0
DA:75,0
DA:76,0
DA:77,0
DA:82,0
DA:83,0
DA:85,0
DA:88,0
DA:89,0
DA:90,0
DA:91,0
DA:93,0
DA:94,0
DA:95,0
DA:96,0
DA:97,0
DA:98,0
DA:109,0
DA:110,0
DA:111,0
DA:112,0
DA:114,0
DA:115,0
DA:118,0
DA:121,0
DA:123,0
DA:125,0
DA:129,0
DA:131,0
DA:133,0
DA:141,0
DA:142,0
DA:144,0
DA:145,0
DA:146,0
DA:153,0
DA:154,0
DA:155,0
DA:157,0
DA:158,0
DA:161,0
DA:164,0
DA:166,0
DA:169,0
DA:173,0
DA:176,0
DA:178,0
DA:182,0
DA:183,0
DA:186,0
DA:187,0
DA:188,0
DA:189,0
DA:193,0
DA:194,0
DA:205,0
DA:206,0
DA:211,0
DA:213,0
DA:216,0
DA:217,0
DA:219,0
DA:226,0
DA:228,0
DA:230,0
DA:234,0
DA:236,0
DA:237,0
LF:100
LH:0
end_of_record
SF:lib\features\services\presentation\pages\simple_service_details_screen.dart
DA:8,0
DA:10,0
DA:12,0
DA:14,0
DA:15,0
DA:16,0
DA:18,0
DA:19,0
DA:27,0
DA:28,0
DA:30,0
DA:31,0
DA:32,0
DA:33,0
DA:34,0
DA:35,0
DA:38,0
DA:41,0
DA:42,0
DA:44,0
DA:46,0
DA:47,0
DA:48,0
DA:49,0
DA:51,0
LF:25
LH:0
end_of_record
SF:lib\features\services\presentation\pages\search_screen.dart
DA:8,4
DA:10,0
DA:11,0
DA:18,0
DA:20,0
DA:22,0
DA:23,0
DA:27,0
DA:29,0
DA:30,0
DA:31,0
DA:34,0
DA:36,0
DA:37,0
DA:40,0
DA:42,0
DA:45,0
DA:46,0
DA:47,0
DA:49,0
DA:50,0
DA:51,0
DA:52,0
DA:55,0
DA:57,0
DA:58,0
DA:59,0
DA:62,0
DA:63,0
DA:66,0
DA:67,0
DA:68,0
DA:70,0
DA:73,0
DA:74,0
DA:75,0
DA:81,0
DA:83,0
DA:84,0
DA:85,0
DA:86,0
DA:89,0
DA:95,0
DA:96,0
DA:99,0
DA:108,0
DA:109,0
DA:110,0
DA:111,0
DA:112,0
DA:113,0
DA:115,0
DA:116,0
DA:121,0
DA:122,0
DA:123,0
DA:124,0
DA:136,0
DA:137,0
DA:139,0
DA:151,0
DA:152,0
DA:154,0
DA:155,0
DA:156,0
DA:157,0
DA:158,0
DA:166,0
DA:167,0
DA:169,0
DA:171,0
DA:172,0
DA:173,0
DA:178,0
DA:179,0
DA:181,0
DA:182,0
DA:189,0
DA:190,0
DA:191,0
DA:192,0
DA:193,0
DA:202,0
DA:203,0
DA:209,0
DA:211,0
DA:212,0
DA:213,0
DA:218,0
DA:219,0
DA:225,0
DA:227,0
DA:228,0
DA:229,0
LF:94
LH:1
end_of_record
SF:lib\features\services\presentation\bloc\search_bloc\search_event.dart
DA:4,4
DA:6,0
DA:7,0
DA:13,0
DA:15,0
DA:16,0
DA:22,0
DA:24,0
DA:25,0
DA:29,4
LF:10
LH:2
end_of_record
SF:lib\features\services\presentation\bloc\search_bloc\search_bloc.dart
DA:13,0
DA:16,0
DA:17,0
DA:18,0
DA:19,0
DA:22,0
DA:28,0
DA:31,0
DA:35,0
DA:38,0
DA:39,0
DA:41,0
DA:42,0
DA:43,0
DA:44,0
DA:45,0
DA:46,0
DA:47,0
DA:53,0
DA:57,0
DA:61,0
LF:21
LH:0
end_of_record
SF:lib\features\services\presentation\bloc\search_bloc\search_state.dart
DA:4,0
DA:6,0
DA:7,0
DA:15,0
DA:17,0
DA:18,0
DA:27,0
DA:32,0
DA:33,0
DA:39,0
DA:41,0
DA:42,0
LF:12
LH:0
end_of_record
SF:lib\features\providers\presentation\pages\providers_screen.dart
DA:18,0
DA:20,0
DA:21,0
DA:30,0
DA:32,0
DA:33,0
DA:34,0
DA:37,0
DA:38,0
DA:39,0
DA:40,0
DA:43,0
DA:47,0
DA:49,0
DA:51,0
DA:52,0
DA:53,0
DA:56,0
DA:59,0
DA:60,0
DA:61,0
DA:62,0
DA:63,0
DA:64,0
DA:65,0
DA:70,0
DA:73,0
DA:74,0
DA:75,0
DA:77,0
DA:78,0
DA:79,0
DA:80,0
DA:81,0
DA:86,0
DA:87,0
DA:89,0
DA:90,0
DA:91,0
DA:92,0
DA:94,0
DA:101,0
DA:102,0
DA:103,0
DA:104,0
DA:105,0
DA:106,0
DA:108,0
DA:110,0
DA:111,0
DA:112,0
DA:115,0
DA:116,0
DA:117,0
DA:118,0
DA:120,0
DA:121,0
DA:122,0
DA:123,0
DA:128,0
DA:131,0
DA:132,0
DA:135,0
DA:137,0
DA:140,0
DA:142,0
DA:143,0
DA:150,0
DA:151,0
DA:152,0
DA:159,0
DA:160,0
DA:161,0
DA:162,0
DA:164,0
DA:165,0
DA:166,0
DA:167,0
DA:169,0
DA:176,0
DA:177,0
DA:178,0
DA:182,0
DA:187,0
DA:188,0
DA:189,0
DA:190,0
DA:192,0
DA:193,0
DA:196,0
DA:199,0
DA:201,0
DA:203,0
DA:207,0
DA:209,0
DA:211,0
DA:219,0
DA:221,0
DA:222,0
DA:223,0
DA:228,0
DA:229,0
DA:230,0
DA:232,0
DA:233,0
DA:236,0
DA:239,0
DA:241,0
DA:244,0
DA:248,0
DA:251,0
DA:253,0
DA:257,0
DA:258,0
DA:266,0
DA:267,0
DA:268,0
DA:270,0
DA:271,0
DA:274,0
DA:277,0
DA:279,0
DA:281,0
DA:285,0
DA:287,0
DA:289,0
DA:298,0
DA:299,0
DA:301,0
DA:302,0
DA:304,0
DA:305,0
DA:306,0
DA:307,0
DA:308,0
DA:309,0
DA:312,0
DA:313,0
DA:314,0
DA:321,0
DA:322,0
DA:324,0
DA:325,0
DA:327,0
DA:329,0
DA:330,0
DA:331,0
DA:332,0
DA:334,0
DA:335,0
DA:336,0
DA:343,0
DA:344,0
DA:346,0
DA:347,0
DA:348,0
DA:349,0
DA:350,0
DA:351,0
DA:353,0
DA:354,0
DA:355,0
DA:362,0
DA:366,0
DA:368,0
DA:372,0
DA:373,0
DA:378,0
DA:380,0
DA:383,0
DA:384,0
DA:386,0
DA:394,0
DA:396,0
DA:402,0
DA:403,0
DA:404,0
DA:405,0
DA:407,0
DA:408,0
DA:410,0
DA:411,0
DA:412,0
DA:415,0
DA:416,0
DA:417,0
DA:418,0
DA:429,0
DA:431,0
DA:437,0
DA:439,0
DA:440,0
DA:441,0
DA:442,0
DA:443,0
DA:444,0
DA:445,0
DA:446,0
DA:447,0
DA:449,0
DA:451,0
DA:461,0
DA:462,0
DA:463,0
DA:464,0
DA:465,0
DA:467,0
DA:468,0
DA:469,0
DA:470,0
DA:472,0
DA:473,0
DA:479,0
DA:480,0
DA:481,0
DA:484,0
DA:485,0
DA:486,0
DA:487,0
DA:488,0
DA:490,0
LF:221
LH:0
end_of_record
SF:lib\features\providers\presentation\pages\provider_details_screen.dart
DA:21,0
DA:23,0
DA:24,0
DA:30,0
DA:32,0
DA:33,0
DA:36,0
DA:37,0
DA:38,0
DA:39,0
DA:40,0
DA:41,0
DA:44,0
DA:46,0
DA:47,0
DA:48,0
DA:49,0
DA:50,0
DA:51,0
DA:53,0
DA:54,0
DA:55,0
DA:56,0
DA:65,0
DA:67,0
DA:68,0
DA:70,0
DA:71,0
DA:73,0
DA:76,0
DA:77,0
DA:78,0
DA:80,0
DA:81,0
DA:82,0
DA:84,0
DA:85,0
DA:88,0
DA:89,0
DA:91,0
DA:94,0
DA:95,0
DA:96,0
DA:99,0
DA:101,0
DA:106,0
DA:110,0
DA:112,0
DA:113,0
DA:114,0
DA:115,0
DA:116,0
DA:117,0
DA:118,0
DA:125,0
DA:126,0
DA:129,0
DA:131,0
DA:133,0
DA:135,0
DA:139,0
DA:141,0
DA:153,0
DA:154,0
DA:155,0
DA:157,0
DA:158,0
DA:159,0
DA:166,0
DA:167,0
DA:168,0
DA:170,0
DA:174,0
DA:177,0
DA:178,0
DA:181,0
DA:183,0
DA:184,0
DA:185,0
DA:200,0
DA:202,0
DA:204,0
DA:205,0
DA:206,0
DA:207,0
DA:210,0
DA:211,0
DA:212,0
DA:213,0
DA:216,0
DA:218,0
DA:219,0
DA:221,0
DA:223,0
DA:224,0
DA:225,0
DA:226,0
DA:227,0
DA:228,0
DA:229,0
DA:230,0
DA:231,0
DA:233,0
DA:235,0
DA:244,0
DA:245,0
DA:247,0
DA:249,0
DA:251,0
DA:256,0
DA:261,0
DA:266,0
DA:267,0
DA:268,0
DA:269,0
DA:270,0
DA:276,0
DA:287,0
DA:288,0
DA:289,0
DA:291,0
DA:293,0
DA:294,0
DA:296,0
DA:299,0
DA:303,0
DA:304,0
DA:305,0
DA:307,0
DA:312,0
DA:313,0
DA:314,0
DA:315,0
DA:318,0
DA:321,0
DA:322,0
DA:325,0
DA:331,0
DA:334,0
DA:342,0
DA:347,0
DA:348,0
DA:349,0
DA:351,0
DA:353,0
DA:354,0
DA:356,0
DA:358,0
DA:361,0
DA:363,0
DA:366,0
DA:375,0
DA:376,0
DA:377,0
DA:378,0
DA:380,0
DA:381,0
DA:382,0
DA:385,0
DA:390,0
DA:391,0
DA:392,0
DA:393,0
DA:394,0
DA:400,0
DA:401,0
DA:402,0
DA:413,0
DA:414,0
DA:415,0
DA:417,0
DA:418,0
DA:421,0
DA:424,0
DA:426,0
DA:429,0
DA:433,0
DA:436,0
DA:438,0
DA:442,0
DA:443,0
DA:444,0
DA:445,0
DA:455,0
DA:456,0
DA:457,0
DA:458,0
DA:462,0
DA:463,0
DA:464,0
DA:465,0
LF:191
LH:0
end_of_record
SF:lib\features\providers\presentation\pages\review_screen.dart
DA:13,0
DA:15,0
DA:16,0
DA:24,0
DA:26,0
DA:27,0
DA:30,0
DA:31,0
DA:33,0
DA:34,0
DA:35,0
DA:36,0
DA:37,0
DA:38,0
DA:40,0
DA:41,0
DA:42,0
DA:43,0
DA:44,0
DA:45,0
DA:46,0
DA:47,0
DA:50,0
DA:51,0
DA:52,0
DA:57,0
DA:59,0
DA:60,0
DA:63,0
DA:65,0
DA:67,0
DA:68,0
DA:69,0
DA:72,0
DA:73,0
DA:74,0
DA:75,0
DA:76,0
DA:77,0
DA:78,0
DA:79,0
DA:86,0
DA:87,0
DA:90,0
DA:91,0
DA:93,0
DA:95,0
DA:100,0
DA:102,0
DA:103,0
DA:104,0
LF:51
LH:0
end_of_record
SF:lib\features\booking\presentation\pages\create_booking_screen.dart
DA:18,0
DA:24,0
DA:25,0
DA:42,0
DA:44,0
DA:45,0
DA:48,0
DA:50,0
DA:52,0
DA:53,0
DA:54,0
DA:57,0
DA:59,0
DA:60,0
DA:64,0
DA:65,0
DA:66,0
DA:68,0
DA:70,0
DA:73,0
DA:74,0
DA:75,0
DA:76,0
DA:79,0
DA:81,0
DA:82,0
DA:83,0
DA:84,0
DA:90,0
DA:91,0
DA:92,0
DA:93,0
DA:94,0
DA:96,0
DA:97,0
DA:98,0
DA:99,0
DA:100,0
DA:104,0
DA:111,0
DA:112,0
DA:115,0
DA:116,0
DA:117,0
DA:118,0
DA:119,0
DA:126,0
DA:127,0
DA:128,0
DA:129,0
DA:131,0
DA:134,0
DA:136,0
DA:137,0
DA:138,0
DA:142,0
DA:145,0
DA:146,0
DA:147,0
DA:148,0
DA:157,0
DA:158,0
DA:159,0
DA:161,0
DA:162,0
DA:165,0
DA:170,0
DA:171,0
DA:173,0
DA:175,0
DA:176,0
DA:178,0
DA:181,0
DA:185,0
DA:187,0
DA:189,0
DA:193,0
DA:194,0
DA:195,0
DA:196,0
DA:197,0
DA:198,0
DA:199,0
DA:202,0
DA:203,0
DA:204,0
DA:205,0
DA:218,0
DA:219,0
DA:221,0
DA:223,0
DA:224,0
DA:226,0
DA:229,0
DA:233,0
DA:234,0
DA:235,0
DA:236,0
DA:237,0
DA:239,0
DA:243,0
DA:244,0
DA:245,0
DA:246,0
DA:248,0
DA:249,0
DA:250,0
DA:251,0
DA:252,0
DA:253,0
DA:254,0
DA:258,0
DA:259,0
DA:260,0
DA:262,0
DA:263,0
DA:265,0
DA:267,0
DA:270,0
DA:271,0
DA:272,0
DA:275,0
DA:276,0
DA:277,0
DA:278,0
DA:279,0
DA:280,0
DA:281,0
DA:292,0
DA:293,0
DA:295,0
DA:297,0
DA:309,0
DA:310,0
DA:312,0
DA:314,0
DA:315,0
DA:317,0
DA:320,0
DA:324,0
DA:326,0
DA:328,0
DA:332,0
DA:333,0
DA:334,0
DA:335,0
DA:336,0
DA:337,0
DA:338,0
DA:339,0
DA:340,0
DA:341,0
DA:342,0
DA:343,0
DA:344,0
DA:345,0
DA:355,0
DA:356,0
DA:358,0
DA:360,0
DA:361,0
DA:363,0
DA:366,0
DA:370,0
DA:372,0
DA:374,0
DA:378,0
DA:379,0
DA:380,0
DA:381,0
DA:382,0
DA:383,0
DA:384,0
DA:385,0
DA:393,0
DA:394,0
DA:397,0
DA:398,0
DA:399,0
DA:400,0
DA:401,0
DA:402,0
DA:406,0
DA:407,0
DA:408,0
DA:409,0
DA:410,0
DA:411,0
DA:412,0
DA:413,0
DA:414,0
DA:424,0
DA:425,0
DA:426,0
DA:427,0
DA:428,0
DA:429,0
DA:430,0
DA:431,0
DA:432,0
DA:439,0
DA:440,0
DA:441,0
DA:443,0
DA:447,0
DA:448,0
DA:449,0
DA:450,0
DA:452,0
DA:459,0
DA:460,0
DA:461,0
DA:462,0
DA:464,0
DA:471,0
DA:472,0
DA:473,0
DA:474,0
DA:475,0
DA:476,0
DA:477,0
DA:478,0
DA:479,0
DA:480,0
DA:481,0
DA:482,0
DA:483,0
DA:484,0
DA:485,0
DA:486,0
DA:487,0
DA:488,0
DA:489,0
DA:490,0
LF:234
LH:0
end_of_record
SF:lib\features\booking\presentation\pages\bookings_screen.dart
DA:11,4
DA:13,0
DA:14,0
DA:20,0
DA:22,0
DA:23,0
DA:26,0
DA:28,0
DA:30,0
DA:31,0
DA:32,0
DA:35,0
DA:37,0
DA:38,0
DA:42,0
DA:43,0
DA:44,0
DA:45,0
DA:46,0
DA:51,0
DA:52,0
DA:54,0
DA:55,0
DA:56,0
DA:57,0
DA:58,0
DA:60,0
DA:65,0
DA:66,0
DA:67,0
DA:68,0
DA:70,0
DA:71,0
DA:72,0
DA:73,0
DA:74,0
DA:75,0
DA:76,0
DA:77,0
DA:79,0
DA:80,0
DA:88,0
DA:89,0
DA:90,0
DA:94,0
DA:99,0
DA:100,0
DA:101,0
DA:104,0
DA:105,0
DA:106,0
DA:108,0
DA:110,0
DA:111,0
DA:112,0
DA:113,0
DA:114,0
DA:115,0
DA:118,0
DA:121,0
DA:122,0
DA:123,0
DA:132,0
DA:133,0
DA:134,0
DA:136,0
DA:137,0
DA:138,0
DA:140,0
DA:143,0
DA:144,0
DA:145,0
DA:146,0
DA:147,0
DA:149,0
DA:153,0
DA:154,0
DA:157,0
DA:159,0
DA:164,0
DA:165,0
DA:166,0
DA:167,0
DA:168,0
DA:170,0
DA:175,0
DA:176,0
DA:177,0
DA:186,0
DA:187,0
DA:188,0
DA:190,0
DA:191,0
DA:194,0
DA:197,0
DA:199,0
DA:202,0
DA:206,0
DA:209,0
DA:211,0
DA:215,0
DA:216,0
DA:217,0
DA:226,0
DA:228,0
DA:230,0
DA:232,0
DA:234,0
DA:236,0
DA:238,0
LF:110
LH:1
end_of_record
SF:lib\features\booking\presentation\pages\booking_details_screen.dart
DA:24,0
DA:26,0
DA:28,0
DA:29,0
DA:30,0
DA:31,0
DA:32,0
DA:33,0
DA:34,0
DA:35,0
DA:37,0
DA:39,0
DA:40,0
DA:44,0
DA:46,0
DA:47,0
DA:48,0
DA:57,0
DA:58,0
DA:60,0
DA:61,0
DA:63,0
DA:66,0
DA:67,0
DA:68,0
DA:70,0
DA:75,0
DA:76,0
DA:77,0
DA:80,0
DA:81,0
DA:82,0
DA:86,0
DA:88,0
DA:90,0
DA:91,0
DA:92,0
DA:98,0
DA:100,0
DA:102,0
DA:103,0
DA:105,0
DA:107,0
DA:108,0
DA:109,0
DA:110,0
DA:111,0
DA:112,0
DA:113,0
DA:114,0
DA:115,0
DA:118,0
DA:119,0
DA:122,0
DA:128,0
DA:129,0
DA:131,0
DA:133,0
DA:135,0
DA:140,0
DA:145,0
DA:150,0
DA:155,0
DA:157,0
DA:159,0
DA:162,0
DA:164,0
DA:167,0
DA:170,0
DA:172,0
DA:181,0
DA:182,0
DA:183,0
DA:185,0
DA:187,0
DA:188,0
DA:190,0
DA:193,0
DA:197,0
DA:198,0
DA:199,0
DA:201,0
DA:202,0
DA:203,0
DA:204,0
DA:207,0
DA:211,0
DA:212,0
DA:215,0
DA:217,0
DA:219,0
DA:221,0
DA:231,0
DA:232,0
DA:233,0
DA:235,0
DA:236,0
DA:237,0
DA:239,0
DA:245,0
DA:246,0
DA:247,0
DA:248,0
DA:250,0
DA:251,0
DA:252,0
DA:254,0
DA:265,0
DA:266,0
DA:267,0
DA:269,0
DA:271,0
DA:272,0
DA:274,0
DA:277,0
DA:281,0
DA:282,0
DA:283,0
DA:284,0
DA:285,0
DA:286,0
DA:290,0
DA:293,0
DA:296,0
DA:299,0
DA:305,0
DA:306,0
DA:308,0
DA:309,0
DA:310,0
DA:311,0
DA:314,0
DA:318,0
DA:320,0
DA:322,0
DA:328,0
DA:329,0
DA:330,0
DA:331,0
DA:333,0
DA:335,0
DA:336,0
DA:337,0
DA:338,0
DA:339,0
DA:340,0
DA:343,0
DA:344,0
DA:345,0
DA:346,0
DA:347,0
DA:348,0
DA:350,0
DA:354,0
DA:360,0
DA:367,0
DA:368,0
DA:370,0
DA:371,0
DA:373,0
DA:374,0
DA:375,0
DA:376,0
DA:378,0
DA:379,0
DA:380,0
DA:382,0
DA:383,0
DA:386,0
DA:391,0
DA:407,0
DA:408,0
DA:409,0
DA:411,0
DA:413,0
DA:414,0
DA:416,0
DA:419,0
DA:423,0
DA:424,0
DA:425,0
DA:427,0
DA:428,0
DA:429,0
DA:430,0
DA:433,0
DA:439,0
DA:440,0
DA:441,0
DA:443,0
DA:444,0
DA:445,0
DA:448,0
DA:459,0
DA:460,0
DA:461,0
DA:463,0
DA:465,0
DA:466,0
DA:467,0
DA:468,0
DA:470,0
DA:473,0
DA:477,0
DA:478,0
DA:480,0
DA:483,0
DA:484,0
DA:485,0
DA:486,0
DA:487,0
DA:488,0
DA:492,0
DA:493,0
DA:494,0
DA:496,0
DA:508,0
DA:510,0
DA:511,0
DA:513,0
DA:514,0
DA:515,0
DA:516,0
DA:518,0
DA:531,0
DA:532,0
DA:533,0
DA:535,0
DA:537,0
DA:538,0
DA:540,0
DA:543,0
DA:547,0
DA:548,0
DA:549,0
DA:551,0
DA:558,0
DA:559,0
DA:561,0
DA:563,0
DA:564,0
DA:566,0
DA:569,0
DA:572,0
DA:573,0
DA:574,0
DA:577,0
DA:585,0
DA:586,0
DA:587,0
DA:589,0
DA:591,0
DA:592,0
DA:594,0
DA:597,0
DA:601,0
DA:602,0
DA:603,0
DA:605,0
DA:615,0
DA:616,0
DA:617,0
DA:619,0
DA:621,0
DA:622,0
DA:624,0
DA:627,0
DA:631,0
DA:634,0
DA:635,0
DA:637,0
DA:638,0
DA:639,0
DA:641,0
DA:643,0
DA:646,0
DA:647,0
DA:648,0
DA:653,0
DA:661,0
DA:662,0
DA:663,0
DA:664,0
DA:665,0
DA:666,0
DA:668,0
DA:671,0
DA:672,0
DA:674,0
DA:677,0
DA:679,0
DA:683,0
DA:684,0
DA:691,0
DA:694,0
DA:695,0
DA:699,0
DA:700,0
DA:702,0
DA:704,0
DA:705,0
DA:706,0
DA:712,0
DA:714,0
DA:715,0
DA:717,0
DA:724,0
DA:725,0
DA:727,0
DA:729,0
DA:730,0
DA:732,0
DA:734,0
DA:736,0
DA:737,0
DA:739,0
DA:742,0
DA:752,0
DA:753,0
DA:754,0
DA:757,0
DA:758,0
DA:759,0
DA:760,0
DA:762,0
DA:764,0
DA:765,0
DA:768,0
DA:776,0
DA:777,0
DA:778,0
DA:781,0
DA:782,0
DA:784,0
DA:785,0
DA:787,0
DA:789,0
DA:792,0
DA:794,0
DA:797,0
DA:798,0
DA:799,0
DA:800,0
LF:343
LH:0
end_of_record
SF:lib\features\booking\presentation\pages\payment_screen.dart
DA:12,0
DA:18,0
DA:19,0
DA:25,0
DA:27,0
DA:28,0
DA:31,0
DA:33,0
DA:36,0
DA:37,0
DA:38,0
DA:39,0
DA:42,0
DA:44,0
DA:45,0
DA:46,0
DA:47,0
DA:53,0
DA:55,0
DA:57,0
DA:59,0
DA:75,0
DA:76,0
DA:77,0
DA:79,0
DA:80,0
DA:81,0
DA:82,0
DA:84,0
DA:85,0
DA:86,0
DA:87,0
DA:91,0
DA:93,0
DA:94,0
DA:95,0
DA:105,0
DA:106,0
DA:107,0
DA:111,0
DA:129,0
DA:130,0
DA:131,0
DA:132,0
DA:133,0
DA:135,0
DA:136,0
DA:142,0
DA:143,0
DA:154,0
DA:155,0
DA:156,0
DA:160,0
DA:161,0
DA:162,0
DA:163,0
DA:164,0
DA:165,0
DA:166,0
DA:167,0
DA:172,0
DA:194,0
DA:195,0
DA:197,0
DA:198,0
DA:200,0
DA:202,0
DA:204,0
DA:216,0
DA:218,0
DA:225,0
DA:226,0
DA:280,0
DA:282,0
DA:290,0
DA:291,0
LF:76
LH:0
end_of_record
SF:lib\features\booking\presentation\pages\add_payment_method_screen.dart
DA:8,4
DA:10,0
DA:11,0
DA:24,0
DA:26,0
DA:27,0
DA:28,0
DA:29,0
DA:30,0
DA:33,0
DA:35,0
DA:36,0
DA:39,0
DA:41,0
DA:44,0
DA:45,0
DA:46,0
DA:48,0
DA:49,0
DA:55,0
DA:56,0
DA:57,0
DA:58,0
DA:64,0
DA:66,0
DA:67,0
DA:68,0
DA:70,0
DA:82,0
DA:83,0
DA:84,0
DA:86,0
DA:87,0
DA:104,0
DA:106,0
DA:107,0
DA:116,0
DA:117,0
DA:118,0
DA:121,0
DA:122,0
DA:126,0
DA:127,0
DA:130,0
DA:139,0
DA:140,0
DA:142,0
DA:143,0
DA:144,0
DA:145,0
DA:148,0
DA:149,0
DA:153,0
DA:154,0
DA:157,0
DA:168,0
DA:169,0
DA:170,0
DA:171,0
DA:174,0
DA:175,0
DA:180,0
DA:181,0
DA:184,0
DA:197,0
DA:198,0
DA:199,0
DA:202,0
DA:203,0
DA:206,0
DA:207,0
DA:217,0
DA:219,0
DA:220,0
DA:221,0
DA:222,0
DA:232,0
DA:233,0
DA:234,0
DA:238,0
DA:239,0
DA:240,0
DA:243,0
DA:244,0
DA:248,0
LF:85
LH:1
end_of_record
SF:lib\features\profile\presentation\pages\profile_screen.dart
DA:13,4
DA:15,0
DA:17,0
DA:19,0
DA:20,0
DA:21,0
DA:22,0
DA:24,0
DA:26,0
DA:33,0
DA:34,0
DA:35,0
DA:36,0
DA:45,0
DA:46,0
DA:47,0
DA:51,0
DA:52,0
DA:53,0
DA:55,0
DA:62,0
DA:64,0
DA:70,0
DA:71,0
DA:72,0
DA:79,0
DA:80,0
DA:82,0
DA:83,0
DA:85,0
DA:87,0
DA:95,0
DA:96,0
DA:97,0
DA:99,0
DA:100,0
DA:102,0
DA:105,0
DA:107,0
DA:109,0
DA:110,0
DA:111,0
DA:112,0
DA:118,0
DA:119,0
DA:120,0
DA:124,0
DA:125,0
DA:129,0
DA:133,0
DA:134,0
DA:139,0
DA:143,0
DA:144,0
DA:149,0
DA:153,0
DA:154,0
DA:161,0
DA:164,0
DA:166,0
DA:168,0
DA:169,0
DA:170,0
DA:171,0
DA:177,0
DA:178,0
DA:179,0
DA:183,0
DA:184,0
DA:188,0
DA:192,0
DA:193,0
DA:197,0
DA:201,0
DA:202,0
DA:209,0
DA:212,0
DA:214,0
DA:216,0
DA:217,0
DA:218,0
DA:219,0
DA:225,0
DA:231,0
DA:235,0
DA:244,0
DA:245,0
DA:247,0
DA:248,0
DA:249,0
DA:251,0
DA:253,0
DA:257,0
DA:259,0
DA:261,0
DA:262,0
DA:263,0
DA:264,0
DA:266,0
DA:271,0
DA:272,0
DA:273,0
DA:274,0
DA:275,0
DA:278,0
DA:281,0
DA:284,0
DA:286,0
DA:297,0
DA:298,0
DA:299,0
DA:300,0
DA:301,0
DA:302,0
DA:303,0
DA:304,0
DA:305,0
DA:306,0
DA:307,0
DA:308,0
DA:309,0
DA:310,0
DA:311,0
DA:312,0
DA:313,0
DA:314,0
LF:126
LH:1
end_of_record
SF:lib\features\profile\presentation\pages\settings_screen.dart
DA:13,4
DA:15,0
DA:17,0
DA:19,0
DA:20,0
DA:21,0
DA:22,0
DA:24,0
DA:25,0
DA:31,0
DA:33,0
DA:41,0
DA:42,0
DA:43,0
DA:47,0
DA:48,0
DA:49,0
DA:51,0
DA:58,0
DA:60,0
DA:66,0
DA:67,0
DA:68,0
DA:70,0
DA:72,0
DA:80,0
DA:81,0
DA:83,0
DA:84,0
DA:85,0
DA:89,0
DA:91,0
DA:92,0
DA:95,0
DA:96,0
DA:98,0
DA:101,0
DA:102,0
DA:104,0
DA:107,0
DA:108,0
DA:116,0
DA:118,0
DA:119,0
DA:123,0
DA:124,0
DA:125,0
DA:126,0
DA:127,0
DA:132,0
DA:136,0
DA:137,0
DA:138,0
DA:139,0
DA:140,0
DA:151,0
DA:153,0
DA:154,0
DA:158,0
DA:159,0
DA:160,0
DA:161,0
DA:162,0
DA:167,0
DA:171,0
DA:172,0
DA:173,0
DA:174,0
DA:175,0
DA:186,0
DA:188,0
DA:189,0
DA:194,0
DA:211,0
DA:213,0
DA:215,0
DA:222,0
DA:224,0
DA:226,0
DA:228,0
DA:235,0
DA:237,0
DA:239,0
DA:241,0
DA:248,0
DA:249,0
DA:254,0
DA:256,0
DA:259,0
DA:260,0
DA:262,0
DA:268,0
DA:269,0
DA:276,0
DA:277,0
DA:278,0
DA:279,0
DA:280,0
DA:281,0
DA:282,0
DA:283,0
DA:284,0
DA:285,0
DA:286,0
DA:294,0
DA:298,0
DA:302,0
DA:303,0
DA:305,0
DA:306,0
DA:307,0
DA:308,0
DA:310,0
DA:312,0
DA:313,0
DA:314,0
DA:315,0
DA:317,0
DA:318,0
DA:319,0
DA:320,0
DA:322,0
DA:323,0
LF:123
LH:1
end_of_record
SF:lib\features\profile\presentation\bloc\settings_bloc.dart
DA:13,0
DA:16,0
DA:17,0
DA:18,0
DA:19,0
DA:22,0
DA:26,0
DA:29,0
DA:31,0
DA:32,0
DA:33,0
DA:36,0
DA:40,0
DA:44,0
DA:45,0
DA:48,0
DA:50,0
DA:51,0
DA:52,0
DA:55,0
DA:60,0
DA:64,0
DA:70,0
DA:72,0
DA:73,0
DA:74,0
DA:77,0
LF:27
LH:0
end_of_record
SF:lib\features\profile\presentation\bloc\change_password_bloc\change_password_event.dart
DA:4,0
DA:6,0
DA:7,0
DA:14,0
DA:19,0
DA:20,0
LF:6
LH:0
end_of_record
SF:lib\features\profile\presentation\bloc\change_password_bloc\change_password_state.dart
DA:4,0
DA:6,0
DA:7,0
DA:19,0
DA:21,0
DA:22,0
LF:6
LH:0
end_of_record
SF:lib\features\profile\presentation\bloc\change_password_bloc\change_password_bloc.dart
DA:8,0
DA:9,0
DA:12,0
DA:16,0
DA:21,0
DA:24,0
DA:26,0
LF:7
LH:0
end_of_record
SF:lib\features\notifications\presentation\pages\notifications_screen.dart
DA:16,4
DA:18,0
DA:19,0
DA:25,0
DA:27,0
DA:28,0
DA:31,0
DA:33,0
DA:35,0
DA:36,0
DA:37,0
DA:38,0
DA:40,0
DA:41,0
DA:47,0
DA:49,0
DA:56,0
DA:57,0
DA:58,0
DA:59,0
DA:60,0
DA:62,0
DA:64,0
DA:65,0
DA:67,0
DA:68,0
DA:72,0
DA:73,0
DA:75,0
DA:76,0
DA:79,0
DA:83,0
DA:85,0
DA:86,0
DA:89,0
DA:91,0
DA:104,0
DA:105,0
DA:106,0
DA:110,0
DA:111,0
DA:112,0
DA:114,0
DA:121,0
DA:123,0
DA:129,0
DA:130,0
DA:131,0
DA:138,0
DA:139,0
DA:140,0
DA:142,0
DA:144,0
DA:152,0
DA:153,0
DA:155,0
DA:156,0
DA:157,0
DA:158,0
DA:159,0
DA:160,0
DA:166,0
DA:167,0
DA:169,0
DA:170,0
DA:171,0
DA:172,0
DA:173,0
DA:176,0
DA:180,0
DA:181,0
DA:182,0
DA:183,0
DA:185,0
DA:187,0
DA:188,0
DA:189,0
DA:190,0
DA:192,0
DA:193,0
DA:209,0
DA:210,0
DA:213,0
DA:216,0
DA:217,0
DA:218,0
DA:219,0
DA:224,0
DA:226,0
DA:227,0
DA:228,0
DA:233,0
DA:234,0
DA:236,0
DA:237,0
DA:238,0
DA:239,0
DA:240,0
DA:241,0
DA:242,0
DA:245,0
DA:249,0
DA:250,0
DA:251,0
DA:254,0
DA:258,0
DA:259,0
DA:260,0
DA:263,0
DA:269,0
DA:272,0
DA:276,0
DA:277,0
DA:279,0
DA:280,0
DA:281,0
DA:282,0
DA:283,0
DA:285,0
DA:288,0
DA:289,0
DA:290,0
DA:291,0
DA:294,0
DA:295,0
DA:296,0
DA:303,0
DA:304,0
DA:305,0
DA:306,0
DA:313,0
DA:314,0
DA:316,0
DA:317,0
DA:318,0
DA:319,0
DA:321,0
DA:323,0
DA:324,0
DA:325,0
DA:326,0
DA:328,0
DA:329,0
DA:330,0
DA:331,0
DA:332,0
DA:335,0
DA:336,0
DA:343,0
DA:344,0
DA:346,0
DA:347,0
DA:348,0
DA:349,0
DA:351,0
DA:353,0
DA:354,0
DA:355,0
DA:356,0
DA:358,0
DA:359,0
DA:360,0
DA:361,0
DA:363,0
DA:364,0
LF:165
LH:1
end_of_record
SF:lib\features\help_support\presentation\pages\help_screen.dart
DA:14,4
DA:16,0
DA:17,0
DA:25,0
DA:27,0
DA:28,0
DA:31,0
DA:33,0
DA:34,0
DA:35,0
DA:38,0
DA:40,0
DA:42,0
DA:43,0
DA:44,0
DA:45,0
DA:47,0
DA:48,0
DA:54,0
DA:56,0
DA:63,0
DA:64,0
DA:69,0
DA:73,0
DA:84,0
DA:85,0
DA:87,0
DA:88,0
DA:89,0
DA:91,0
DA:93,0
DA:95,0
DA:96,0
DA:97,0
DA:98,0
DA:99,0
DA:102,0
DA:103,0
DA:104,0
DA:105,0
DA:113,0
DA:114,0
DA:115,0
DA:116,0
DA:118,0
DA:121,0
DA:124,0
DA:133,0
DA:134,0
DA:136,0
DA:138,0
DA:139,0
DA:141,0
DA:143,0
DA:151,0
DA:154,0
DA:155,0
DA:158,0
DA:160,0
DA:163,0
DA:165,0
DA:168,0
DA:170,0
DA:173,0
DA:182,0
DA:183,0
DA:184,0
DA:191,0
DA:192,0
DA:194,0
DA:196,0
DA:198,0
DA:200,0
DA:201,0
DA:202,0
DA:203,0
DA:204,0
DA:209,0
DA:211,0
DA:212,0
DA:213,0
DA:216,0
DA:219,0
DA:221,0
DA:228,0
DA:230,0
DA:243,0
DA:244,0
DA:250,0
DA:252,0
DA:253,0
DA:255,0
DA:257,0
DA:262,0
DA:263,0
DA:266,0
DA:267,0
DA:277,0
DA:278,0
DA:280,0
DA:281,0
DA:283,0
DA:285,0
DA:287,0
DA:288,0
DA:289,0
DA:290,0
DA:296,0
DA:297,0
DA:298,0
DA:301,0
DA:302,0
DA:303,0
DA:312,0
DA:314,0
DA:321,0
DA:323,0
DA:329,0
DA:331,0
DA:345,0
DA:347,0
DA:360,0
DA:362,0
DA:374,0
DA:376,0
DA:387,0
DA:388,0
DA:390,0
DA:394,0
DA:395,0
DA:396,0
DA:397,0
DA:400,0
DA:401,0
DA:423,0
DA:424,0
DA:452,0
DA:453,0
DA:454,0
DA:455,0
DA:459,0
DA:460,0
DA:463,0
DA:468,0
DA:469,0
DA:479,0
DA:485,0
DA:487,0
DA:489,0
DA:490,0
DA:491,0
DA:492,0
DA:494,0
DA:495,0
DA:496,0
DA:497,0
DA:498,0
DA:501,0
DA:503,0
DA:504,0
DA:506,0
DA:507,0
DA:508,0
DA:511,0
DA:526,0
DA:532,0
DA:534,0
DA:537,0
DA:539,0
DA:540,0
DA:541,0
DA:542,0
DA:548,0
DA:550,0
DA:551,0
DA:552,0
DA:553,0
DA:560,0
DA:562,0
DA:563,0
DA:564,0
DA:565,0
DA:567,0
DA:568,0
DA:572,0
DA:573,0
DA:575,0
DA:577,0
DA:578,0
DA:580,0
LF:190
LH:1
end_of_record
SF:lib\features\chat\presentation\pages\chat_list_screen.dart
DA:9,4
DA:11,0
DA:12,0
DA:20,0
DA:22,0
DA:23,0
DA:26,0
DA:28,0
DA:30,0
DA:33,0
DA:35,0
DA:36,0
DA:37,0
DA:38,0
DA:39,0
DA:45,0
DA:46,0
DA:47,0
DA:52,0
DA:53,0
DA:54,0
DA:55,0
DA:56,0
DA:57,0
DA:58,0
DA:59,0
DA:60,0
DA:62,0
DA:69,0
DA:70,0
DA:71,0
DA:73,0
DA:74,0
DA:75,0
DA:76,0
DA:77,0
DA:78,0
DA:79,0
DA:80,0
DA:81,0
DA:82,0
DA:84,0
DA:107,0
DA:108,0
DA:109,0
DA:111,0
DA:113,0
DA:114,0
DA:115,0
DA:116,0
DA:117,0
DA:119,0
DA:120,0
DA:123,0
DA:124,0
DA:125,0
DA:126,0
DA:134,0
DA:135,0
DA:136,0
DA:138,0
DA:145,0
DA:147,0
DA:150,0
DA:152,0
DA:153,0
DA:154,0
DA:166,0
DA:167,0
DA:168,0
DA:176,0
DA:177,0
DA:179,0
DA:180,0
DA:183,0
DA:184,0
DA:185,0
DA:188,0
DA:189,0
DA:190,0
DA:191,0
LF:81
LH:1
end_of_record
SF:lib\features\chat\presentation\pages\chat_screen.dart
DA:22,0
DA:29,0
DA:30,0
DA:37,0
DA:39,0
DA:41,0
DA:44,0
DA:46,0
DA:47,0
DA:48,0
DA:51,0
DA:53,0
DA:54,0
DA:55,0
DA:57,0
DA:59,0
DA:61,0
DA:62,0
DA:64,0
DA:65,0
DA:70,0
DA:71,0
DA:73,0
DA:74,0
DA:75,0
DA:76,0
DA:78,0
DA:79,0
DA:80,0
DA:82,0
DA:83,0
DA:84,0
DA:85,0
DA:87,0
DA:92,0
DA:93,0
DA:94,0
DA:103,0
DA:109,0
DA:110,0
DA:112,0
DA:114,0
DA:115,0
DA:116,0
DA:123,0
DA:124,0
DA:126,0
DA:128,0
DA:129,0
DA:135,0
DA:136,0
DA:137,0
DA:138,0
DA:140,0
DA:141,0
DA:145,0
DA:159,0
DA:160,0
DA:161,0
DA:163,0
DA:174,0
DA:176,0
DA:177,0
DA:179,0
DA:192,0
DA:193,0
DA:194,0
DA:195,0
DA:196,0
DA:197,0
DA:201,0
DA:204,0
DA:205,0
DA:206,0
DA:207,0
DA:216,0
DA:217,0
DA:219,0
DA:220,0
DA:221,0
DA:222,0
DA:225,0
DA:226,0
DA:227,0
DA:230,0
DA:234,0
DA:237,0
DA:238,0
DA:239,0
DA:242,0
DA:246,0
DA:247,0
DA:248,0
DA:257,0
DA:258,0
DA:260,0
DA:261,0
DA:262,0
DA:263,0
DA:266,0
DA:267,0
DA:268,0
DA:271,0
DA:274,0
DA:275,0
DA:276,0
DA:279,0
DA:282,0
DA:283,0
DA:284,0
DA:293,0
DA:295,0
DA:300,0
DA:302,0
DA:306,0
DA:309,0
DA:310,0
DA:311,0
DA:313,0
DA:314,0
DA:316,0
DA:320,0
DA:321,0
DA:322,0
DA:325,0
DA:326,0
DA:327,0
DA:335,0
DA:338,0
DA:342,0
DA:345,0
DA:348,0
DA:349,0
DA:356,0
DA:358,0
DA:359,0
DA:366,0
DA:367,0
DA:368,0
DA:369,0
DA:370,0
DA:377,0
DA:378,0
DA:379,0
DA:384,0
DA:387,0
DA:388,0
DA:389,0
DA:390,0
DA:391,0
DA:392,0
DA:399,0
DA:400,0
DA:401,0
DA:409,0
DA:411,0
DA:412,0
DA:417,0
DA:418,0
DA:419,0
DA:420,0
DA:421,0
DA:422,0
DA:428,0
DA:430,0
DA:431,0
DA:432,0
DA:434,0
DA:439,0
DA:440,0
DA:441,0
DA:446,0
DA:447,0
DA:449,0
DA:450,0
DA:453,0
DA:454,0
DA:455,0
DA:456,0
DA:459,0
DA:460,0
DA:462,0
DA:467,0
DA:469,0
DA:470,0
DA:471,0
DA:472,0
DA:479,0
DA:482,0
DA:483,0
DA:484,0
DA:485,0
DA:491,0
DA:492,0
DA:495,0
DA:504,0
DA:505,0
DA:507,0
DA:508,0
DA:512,0
DA:513,0
DA:514,0
DA:517,0
DA:518,0
DA:520,0
DA:524,0
DA:527,0
DA:530,0
DA:532,0
DA:533,0
DA:539,0
DA:542,0
DA:543,0
DA:551,0
DA:552,0
DA:555,0
LF:216
LH:0
end_of_record
SF:lib\features\services\presentation\pages\service_selection_screen.dart
DA:10,4
DA:12,0
DA:13,0
DA:17,0
DA:19,0
DA:21,0
DA:24,0
DA:26,0
DA:27,0
DA:29,0
DA:30,0
DA:32,0
DA:33,0
DA:38,0
DA:39,0
DA:40,0
DA:41,0
DA:42,0
DA:43,0
DA:49,0
DA:50,0
DA:51,0
DA:53,0
DA:54,0
DA:55,0
DA:56,0
DA:57,0
DA:59,0
DA:60,0
DA:61,0
DA:65,0
DA:66,0
DA:67,0
DA:82,0
DA:86,0
DA:87,0
DA:88,0
DA:90,0
DA:91,0
DA:94,0
DA:97,0
DA:99,0
DA:101,0
DA:109,0
DA:110,0
DA:111,0
DA:113,0
DA:114,0
DA:116,0
DA:118,0
DA:119,0
DA:122,0
DA:123,0
DA:127,0
DA:128,0
DA:134,0
DA:135,0
DA:137,0
DA:139,0
DA:151,0
DA:153,0
DA:155,0
DA:156,0
DA:157,0
DA:158,0
DA:160,0
DA:161,0
DA:162,0
DA:177,0
DA:178,0
DA:180,0
DA:182,0
DA:183,0
DA:184,0
DA:195,0
DA:196,0
DA:203,0
DA:204,0
DA:205,0
DA:206,0
DA:219,0
DA:220,0
DA:222,0
DA:223,0
DA:225,0
DA:226,0
DA:227,0
DA:230,0
DA:233,0
DA:234,0
DA:236,0
DA:238,0
DA:240,0
DA:242,0
DA:247,0
DA:249,0
DA:250,0
DA:251,0
DA:253,0
DA:254,0
DA:257,0
DA:271,0
DA:273,0
DA:275,0
DA:277,0
DA:278,0
DA:279,0
DA:290,0
DA:291,0
DA:292,0
DA:293,0
DA:295,0
DA:301,0
DA:303,0
DA:304,0
DA:305,0
DA:308,0
DA:311,0
DA:312,0
DA:318,0
DA:319,0
DA:337,0
DA:338,0
DA:340,0
DA:342,0
DA:344,0
DA:351,0
DA:352,0
DA:353,0
DA:356,0
DA:357,0
DA:358,0
DA:359,0
DA:363,0
DA:364,0
DA:365,0
DA:366,0
LF:137
LH:1
end_of_record
SF:lib\features\providers\presentation\pages\provider_search_screen.dart
DA:14,4
DA:20,0
DA:21,0
DA:35,0
DA:37,0
DA:38,0
DA:41,0
DA:42,0
DA:46,0
DA:47,0
DA:48,0
DA:52,0
DA:53,0
DA:54,0
DA:59,0
DA:61,0
DA:62,0
DA:65,0
DA:67,0
DA:68,0
DA:70,0
DA:71,0
DA:73,0
DA:74,0
DA:75,0
DA:81,0
DA:82,0
DA:83,0
DA:84,0
DA:85,0
DA:86,0
DA:92,0
DA:93,0
DA:95,0
DA:97,0
DA:98,0
DA:99,0
DA:100,0
DA:101,0
DA:104,0
DA:106,0
DA:107,0
DA:108,0
DA:111,0
DA:112,0
DA:116,0
DA:117,0
DA:124,0
DA:126,0
DA:127,0
DA:129,0
DA:130,0
DA:132,0
DA:133,0
DA:134,0
DA:136,0
DA:137,0
DA:138,0
DA:158,0
DA:160,0
DA:161,0
DA:163,0
DA:174,0
DA:175,0
DA:176,0
DA:177,0
DA:178,0
DA:180,0
DA:181,0
DA:183,0
DA:185,0
DA:186,0
DA:187,0
DA:197,0
DA:200,0
DA:202,0
DA:203,0
DA:204,0
DA:205,0
DA:206,0
DA:207,0
DA:209,0
DA:219,0
DA:220,0
DA:221,0
[...]
DA:303,0
DA:304,0
DA:305,0
DA:307,0
DA:309,0
DA:311,0
DA:323,0
DA:324,0
DA:329,0
DA:330,0
DA:331,0
DA:336,0
DA:339,0
DA:341,0
DA:342,0
DA:343,0
DA:344,0
DA:350,0
DA:351,0
DA:352,0
DA:353,0
DA:354,0
DA:356,0
DA:357,0
DA:358,0
DA:359,0
DA:362,0
DA:366,0
DA:369,0
DA:371,0
DA:372,0
DA:385,0
DA:387,0
DA:390,0
DA:394,0
DA:396,0
DA:399,0
DA:400,0
DA:401,0
DA:403,0
DA:405,0
DA:407,0
DA:422,0
DA:423,0
DA:424,0
DA:425,0
DA:426,0
DA:431,0
DA:437,0
DA:438,0
DA:443,0
DA:452,0
DA:459,0
DA:461,0
DA:463,0
DA:464,0
DA:465,0
DA:466,0
DA:472,0
DA:474,0
DA:475,0
DA:477,0
DA:478,0
DA:479,0
DA:481,0
DA:483,0
DA:489,0
DA:491,0
DA:493,0
DA:503,0
DA:504,0
DA:506,0
DA:507,0
DA:511,0
DA:512,0
DA:515,0
DA:519,0
DA:520,0
DA:523,0
DA:527,0
DA:528,0
DA:531,0
DA:535,0
DA:536,0
DA:539,0
DA:543,0
DA:544,0
DA:551,0
DA:552,0
DA:554,0
DA:555,0
DA:559,0
DA:560,0
DA:562,0
DA:564,0
DA:567,0
DA:570,0
DA:574,0
DA:575,0
DA:578,0
DA:582,0
DA:585,0
DA:587,0
DA:590,0
DA:597,0
DA:598,0
DA:600,0
DA:601,0
DA:605,0
DA:606,0
DA:609,0
DA:613,0
DA:614,0
DA:617,0
DA:621,0
DA:622,0
DA:629,0
DA:630,0
DA:632,0
DA:633,0
DA:637,0
DA:638,0
DA:641,0
DA:645,0
DA:649,0
DA:653,0
DA:657,0
DA:661,0
DA:662,0
DA:671,0
DA:675,0
DA:677,0
DA:678,0
DA:680,0
DA:683,0
DA:687,0
DA:688,0
DA:690,0
DA:691,0
DA:692,0
DA:693,0
DA:699,0
DA:707,0
DA:716,0
DA:718,0
DA:720,0
DA:722,0
DA:723,0
DA:724,0
DA:726,0
DA:727,0
DA:728,0
DA:730,0
DA:732,0
DA:737,0
DA:738,0
DA:740,0
DA:741,0
DA:743,0
DA:746,0
DA:749,0
DA:751,0
DA:753,0
DA:759,0
DA:767,0
DA:769,0
DA:770,0
DA:773,0
DA:774,0
DA:776,0
DA:777,0
DA:779,0
DA:781,0
DA:783,0
DA:785,0
DA:786,0
DA:787,0
DA:790,0
DA:791,0
DA:792,0
DA:793,0
DA:802,0
DA:803,0
DA:805,0
DA:807,0
DA:810,0
DA:811,0
DA:813,0
DA:819,0
DA:822,0
DA:823,0
DA:827,0
DA:830,0
DA:831,0
DA:841,0
DA:842,0
DA:844,0
DA:845,0
DA:847,0
DA:849,0
DA:851,0
DA:853,0
DA:854,0
DA:855,0
DA:858,0
DA:859,0
DA:860,0
LF:323
LH:0
end_of_record
SF:lib\features\notifications\presentation\bloc\notifications_state.dart
DA:5,4
DA:7,0
DA:8,0
DA:19,4
DA:24,0
DA:25,0
DA:27,0
DA:31,0
DA:32,0
DA:33,0
DA:41,4
DA:43,0
DA:44,0
DA:51,0
DA:56,0
DA:57,0
DA:64,0
DA:69,0
DA:70,0
LF:19
LH:3
end_of_record
SF:lib\features\notifications\presentation\bloc\notifications_event.dart
DA:4,0
DA:6,0
DA:7,0
DA:15,0
DA:17,0
DA:18,0
DA:26,0
DA:28,0
DA:29,0
LF:9
LH:0
end_of_record
SF:lib\features\notifications\presentation\widgets\notification_card.dart
DA:12,0
DA:19,0
DA:21,0
DA:23,0
DA:25,0
DA:26,0
DA:27,0
DA:28,0
DA:29,0
DA:30,0
DA:31,0
DA:34,0
DA:35,0
DA:36,0
DA:42,0
DA:43,0
DA:44,0
DA:45,0
DA:47,0
DA:49,0
DA:51,0
DA:54,0
DA:55,0
DA:56,0
DA:58,0
DA:59,0
DA:60,0
DA:68,0
DA:69,0
DA:71,0
DA:73,0
DA:75,0
DA:76,0
DA:77,0
DA:78,0
DA:79,0
DA:81,0
DA:91,0
DA:92,0
DA:93,0
DA:104,0
DA:105,0
DA:106,0
DA:118,0
DA:119,0
DA:121,0
DA:126,0
DA:127,0
DA:128,0
DA:130,0
DA:131,0
DA:132,0
DA:135,0
DA:143,0
DA:144,0
DA:147,0
DA:148,0
DA:154,0
DA:156,0
DA:157,0
DA:158,0
DA:159,0
DA:161,0
DA:181,0
DA:183,0
DA:185,0
DA:187,0
DA:189,0
DA:191,0
DA:193,0
DA:195,0
DA:197,0
DA:199,0
DA:201,0
DA:203,0
DA:208,0
DA:210,0
DA:212,0
DA:214,0
DA:216,0
DA:218,0
DA:220,0
DA:222,0
DA:224,0
DA:226,0
DA:228,0
DA:230,0
DA:235,0
DA:236,0
DA:237,0
DA:239,0
DA:241,0
DA:242,0
DA:243,0
DA:244,0
DA:245,0
DA:246,0
DA:248,0
LF:98
LH:0
end_of_record
SF:lib\features\notifications\presentation\widgets\notification_filter_chips.dart
DA:13,0
DA:20,0
DA:22,0
DA:24,0
DA:27,0
DA:30,0
DA:32,0
DA:34,0
DA:35,0
DA:36,0
DA:37,0
DA:43,0
DA:44,0
DA:45,0
DA:46,0
DA:47,0
DA:49,0
DA:50,0
DA:51,0
DA:52,0
DA:53,0
DA:54,0
DA:63,0
DA:64,0
DA:67,0
DA:69,0
DA:71,0
DA:73,0
DA:75,0
DA:77,0
DA:79,0
DA:81,0
DA:83,0
DA:85,0
DA:87,0
DA:89,0
DA:102,0
DA:110,0
DA:112,0
DA:113,0
DA:114,0
DA:115,0
DA:120,0
DA:121,0
DA:122,0
DA:123,0
DA:124,0
DA:128,0
DA:130,0
DA:131,0
DA:132,0
DA:133,0
DA:136,0
DA:139,0
DA:141,0
DA:146,0
DA:147,0
DA:148,0
DA:149,0
DA:150,0
DA:152,0
DA:153,0
DA:154,0
DA:157,0
LF:64
LH:0
end_of_record
SF:lib\features\notifications\presentation\widgets\empty_notifications.dart
DA:10,4
DA:16,0
DA:18,0
DA:20,0
DA:21,0
DA:23,0
DA:25,0
DA:27,0
DA:30,0
DA:31,0
DA:34,0
DA:35,0
DA:37,0
DA:44,0
DA:45,0
DA:46,0
DA:57,0
DA:58,0
DA:61,0
DA:72,0
DA:73,0
DA:74,0
DA:76,0
DA:78,0
DA:82,0
DA:83,0
DA:89,0
DA:90,0
DA:95,0
DA:100,0
DA:101,0
DA:102,0
DA:104,0
DA:106,0
DA:107,0
DA:110,0
DA:113,0
DA:115,0
DA:117,0
LF:39
LH:1
end_of_record
SF:lib\features\payment\presentation\bloc\payment_methods_bloc\payment_methods_event.dart
DA:4,0
DA:6,0
DA:7,0
DA:11,0
DA:18,0
DA:23,0
DA:24,0
DA:30,0
DA:34,0
DA:35,0
DA:41,0
DA:45,0
DA:46,0
LF:13
LH:0
end_of_record
SF:lib\features\payment\presentation\bloc\payment_methods_bloc\payment_methods_state.dart
DA:4,0
DA:6,0
DA:7,0
DA:18,0
DA:23,0
DA:24,0
DA:30,0
DA:32,0
DA:33,0
LF:9
LH:0
end_of_record
SF:lib\features\payment\presentation\bloc\payment_methods_bloc\payment_methods_bloc.dart
DA:8,0
DA:9,0
DA:10,0
DA:11,0
DA:12,0
DA:15,0
DA:19,0
DA:22,0
DA:25,0
DA:26,0
DA:34,0
DA:42,0
DA:43,0
DA:44,0
DA:47,0
DA:52,0
DA:56,0
DA:60,0
DA:61,0
DA:63,0
DA:66,0
DA:69,0
DA:70,0
DA:71,0
DA:72,0
DA:73,0
DA:76,0
DA:78,0
DA:79,0
DA:80,0
DA:83,0
DA:88,0
DA:89,0
DA:94,0
DA:98,0
DA:99,0
DA:101,0
DA:104,0
DA:106,0
DA:107,0
DA:108,0
DA:112,0
DA:114,0
DA:115,0
DA:117,0
DA:120,0
DA:123,0
DA:128,0
DA:130,0
DA:131,0
DA:136,0
DA:140,0
DA:141,0
DA:143,0
DA:146,0
DA:148,0
DA:149,0
DA:151,0
DA:153,0
DA:155,0
DA:156,0
DA:159,0
DA:164,0
DA:166,0
DA:167,0
LF:65
LH:0
end_of_record
SF:lib\features\payment\presentation\widgets\payment_method_card.dart
DA:10,0
DA:18,0
DA:20,0
DA:22,0
DA:23,0
DA:24,0
DA:25,0
DA:26,0
DA:29,0
DA:31,0
DA:33,0
DA:35,0
DA:37,0
DA:39,0
DA:40,0
DA:41,0
DA:42,0
DA:47,0
DA:48,0
DA:58,0
DA:59,0
DA:64,0
DA:66,0
DA:83,0
DA:85,0
DA:86,0
DA:87,0
DA:88,0
DA:99,0
DA:101,0
DA:102,0
DA:103,0
DA:104,0
DA:106,0
DA:110,0
DA:111,0
DA:112,0
DA:114,0
DA:119,0
DA:121,0
DA:122,0
DA:128,0
DA:139,0
DA:142,0
DA:144,0
DA:146,0
DA:147,0
DA:148,0
DA:153,0
DA:154,0
DA:155,0
DA:157,0
DA:158,0
DA:170,0
DA:172,0
DA:174,0
DA:176,0
DA:183,0
DA:185,0
DA:187,0
DA:189,0
LF:61
LH:0
end_of_record
SF:lib\features\profile\domain\entities\app_settings_entity.dart
DA:12,4
DA:22,0
DA:31,0
DA:32,0
DA:33,0
DA:34,0
DA:35,0
DA:36,0
DA:37,0
DA:38,0
DA:42,0
DA:43,0
DA:44,0
DA:45,0
DA:46,0
DA:47,0
DA:48,0
DA:49,0
DA:50,0
LF:19
LH:1
end_of_record
SF:lib\features\profile\domain\usecases\get_app_settings_usecase.dart
DA:10,0
DA:12,0
DA:14,0
LF:3
LH:0
end_of_record
SF:lib\features\profile\domain\usecases\update_app_settings_usecase.dart
DA:10,0
DA:12,0
DA:14,0
LF:3
LH:0
end_of_record
SF:lib\features\profile\presentation\bloc\settings_event.dart
DA:5,0
DA:7,0
DA:8,0
DA:16,0
DA:18,0
DA:19,0
LF:6
LH:0
end_of_record
SF:lib\features\profile\presentation\bloc\settings_state.dart
DA:5,4
DA:7,0
DA:8,0
DA:18,4
DA:20,0
DA:21,0
DA:27,0
DA:29,0
DA:30,0
DA:36,4
DA:38,0
DA:39,0
LF:12
LH:3
end_of_record
SF:lib\features\profile\presentation\bloc\user_profile_bloc.dart
DA:13,0
DA:16,0
DA:17,0
DA:18,0
DA:19,0
DA:20,0
DA:23,0
DA:27,0
DA:34,0
DA:36,0
DA:37,0
DA:38,0
DA:41,0
DA:45,0
DA:49,0
DA:50,0
DA:53,0
DA:55,0
DA:56,0
DA:57,0
DA:60,0
DA:65,0
DA:69,0
DA:70,0
DA:71,0
DA:75,0
DA:78,0
DA:81,0
DA:82,0
DA:84,0
DA:89,0
DA:90,0
DA:91,0
DA:96,0
DA:97,0
DA:101,0
DA:105,0
DA:107,0
DA:113,0
DA:114,0
DA:116,0
DA:117,0
DA:118,0
DA:119,0
DA:122,0
DA:127,0
DA:131,0
DA:132,0
DA:135,0
DA:139,0
DA:141,0
LF:51
LH:0
end_of_record
SF:lib\features\profile\presentation\bloc\user_profile_event.dart
DA:5,0
DA:7,0
DA:8,0
DA:12,0
DA:18,0
DA:20,0
DA:21,0
DA:27,0
DA:29,0
DA:30,0
DA:34,0
LF:11
LH:0
end_of_record
SF:lib\features\profile\presentation\bloc\user_profile_state.dart
DA:5,0
DA:7,0
DA:8,0
DA:18,0
DA:20,0
DA:21,0
DA:27,0
DA:29,0
DA:30,0
DA:36,0
DA:38,0
DA:39,0
DA:45,0
DA:47,0
DA:48,0
DA:54,0
DA:56,0
DA:57,0
LF:18
LH:0
end_of_record
SF:lib\features\profile\presentation\widgets\profile_header.dart
DA:16,0
DA:21,0
DA:23,0
DA:25,0
DA:27,0
DA:28,0
DA:31,0
DA:32,0
DA:33,0
DA:37,0
DA:39,0
DA:40,0
DA:42,0
DA:43,0
DA:44,0
DA:45,0
DA:46,0
DA:47,0
DA:48,0
DA:52,0
DA:53,0
DA:54,0
DA:55,0
DA:56,0
DA:57,0
DA:59,0
DA:60,0
DA:63,0
DA:65,0
DA:70,0
DA:71,0
DA:72,0
DA:73,0
DA:74,0
DA:76,0
DA:77,0
DA:82,0
DA:83,0
DA:84,0
DA:85,0
DA:88,0
DA:92,0
DA:93,0
DA:94,0
DA:97,0
DA:103,0
DA:106,0
DA:124,0
DA:127,0
DA:128,0
DA:129,0
DA:131,0
DA:133,0
DA:135,0
DA:137,0
DA:139,0
DA:140,0
DA:143,0
DA:144,0
DA:147,0
DA:148,0
DA:151,0
DA:154,0
DA:155,0
DA:157,0
DA:158,0
DA:166,0
DA:169,0
DA:172,0
DA:173,0
DA:174,0
DA:180,0
DA:183,0
DA:191,0
DA:192,0
DA:193,0
DA:204,0
DA:205,0
DA:206,0
DA:208,0
DA:213,0
DA:215,0
DA:216,0
DA:217,0
DA:219,0
DA:225,0
DA:227,0
DA:232,0
DA:233,0
DA:234,0
DA:236,0
DA:237,0
DA:238,0
DA:240,0
DA:249,0
DA:252,0
DA:254,0
DA:255,0
DA:258,0
DA:260,0
DA:263,0
DA:265,0
DA:278,0
DA:279,0
DA:281,0
DA:282,0
DA:284,0
DA:286,0
DA:288,0
DA:289,0
DA:292,0
DA:293,0
DA:295,0
DA:296,0
DA:299,0
DA:302,0
DA:303,0
DA:305,0
DA:306,0
DA:315,0
DA:316,0
DA:317,0
DA:319,0
DA:320,0
DA:321,0
DA:322,0
DA:324,0
DA:334,0
DA:340,0
DA:342,0
DA:343,0
DA:344,0
DA:345,0
DA:350,0
DA:351,0
DA:352,0
DA:358,0
DA:359,0
DA:360,0
DA:362,0
LF:140
LH:0
end_of_record
SF:lib\features\profile\presentation\widgets\profile_menu_item.dart
DA:14,0
DA:25,0
DA:27,0
DA:29,0
DA:30,0
DA:31,0
DA:32,0
DA:34,0
DA:35,0
DA:36,0
DA:39,0
DA:40,0
DA:41,0
DA:43,0
DA:44,0
DA:45,0
DA:52,0
DA:53,0
DA:55,0
DA:56,0
DA:57,0
DA:58,0
DA:61,0
DA:65,0
DA:66,0
DA:67,0
DA:76,0
LF:27
LH:0
end_of_record
SF:lib\features\profile\presentation\widgets\settings_section.dart
DA:9,0
DA:15,0
DA:17,0
DA:19,0
DA:21,0
DA:22,0
DA:23,0
DA:24,0
DA:30,0
DA:32,0
DA:33,0
DA:35,0
DA:36,0
DA:37,0
DA:45,0
LF:15
LH:0
end_of_record
SF:lib\features\profile\presentation\widgets\settings_switch_item.dart
DA:13,0
DA:23,0
DA:25,0
DA:27,0
DA:29,0
DA:30,0
DA:31,0
DA:34,0
DA:35,0
DA:36,0
DA:38,0
DA:39,0
DA:40,0
DA:47,0
DA:48,0
DA:50,0
DA:51,0
DA:52,0
DA:53,0
DA:60,0
DA:61,0
DA:62,0
DA:71,0
DA:72,0
DA:73,0
DA:74,0
LF:26
LH:0
end_of_record
SF:lib\features\profile\presentation\widgets\settings_selection_item.dart
DA:12,0
DA:21,0
DA:23,0
DA:25,0
DA:26,0
DA:27,0
DA:28,0
DA:30,0
DA:31,0
DA:32,0
DA:35,0
DA:36,0
DA:37,0
DA:39,0
DA:40,0
DA:41,0
DA:48,0
DA:49,0
DA:51,0
DA:52,0
DA:53,0
DA:54,0
DA:61,0
DA:62,0
DA:63,0
DA:72,0
LF:26
LH:0
end_of_record
SF:lib\features\providers\data\models\review_model.dart
DA:9,0
DA:21,0
DA:22,0
DA:24,0
DA:26,0
DA:27,0
DA:28,0
DA:29,0
DA:30,0
DA:31,0
DA:32,0
DA:33,0
DA:34,0
DA:35,0
DA:36,0
LF:15
LH:0
end_of_record
SF:lib\features\providers\data\models\review_model.g.dart
DA:9,0
DA:10,0
DA:11,0
DA:12,0
DA:13,0
DA:14,0
DA:15,0
DA:16,0
DA:17,0
DA:19,0
DA:22,0
DA:23,0
DA:24,0
DA:25,0
DA:26,0
DA:27,0
DA:28,0
DA:29,0
DA:30,0
DA:31,0
DA:32,0
LF:21
LH:0
end_of_record
SF:lib\features\providers\domain\entities\provider_entity.dart
DA:25,0
DA:48,0
DA:49,0
DA:50,0
DA:51,0
DA:52,0
DA:53,0
DA:54,0
DA:55,0
DA:56,0
DA:57,0
DA:58,0
DA:59,0
DA:60,0
DA:61,0
DA:62,0
DA:63,0
DA:64,0
DA:65,0
DA:66,0
DA:67,0
DA:68,0
DA:69,0
LF:23
LH:0
end_of_record
SF:lib\features\providers\domain\entities\review_entity.dart
DA:14,0
DA:26,0
DA:27,0
DA:28,0
DA:29,0
DA:30,0
DA:31,0
DA:32,0
DA:33,0
DA:34,0
DA:35,0
DA:36,0
LF:12
LH:0
end_of_record
SF:lib\features\providers\presentation\bloc\provider_availability_bloc\provider_availability_state.dart
DA:4,0
DA:6,0
DA:7,0
DA:22,0
DA:31,0
DA:39,0
DA:40,0
DA:41,0
DA:42,0
DA:43,0
DA:44,0
DA:45,0
DA:49,0
DA:50,0
DA:56,0
DA:58,0
DA:59,0
LF:17
LH:0
end_of_record
SF:lib\features\providers\presentation\bloc\provider_availability_bloc\provider_availability_event.dart
DA:4,0
DA:6,0
DA:7,0
DA:13,0
DA:17,0
DA:18,0
DA:25,0
DA:30,0
DA:31,0
LF:9
LH:0
end_of_record
SF:lib\features\providers\presentation\bloc\provider_availability_bloc\provider_availability_bloc.dart
DA:9,0
DA:10,0
DA:11,0
DA:14,0
DA:18,0
DA:21,0
DA:24,0
DA:25,0
DA:28,0
DA:29,0
DA:30,0
DA:33,0
DA:34,0
DA:35,0
DA:36,0
DA:40,0
DA:44,0
DA:47,0
DA:48,0
DA:49,0
DA:50,0
DA:53,0
DA:54,0
DA:55,0
DA:56,0
DA:58,0
DA:67,0
DA:71,0
DA:75,0
DA:76,0
DA:78,0
DA:81,0
DA:84,0
DA:85,0
DA:87,0
DA:91,0
DA:93,0
DA:94,0
LF:38
LH:0
end_of_record
SF:lib\features\providers\presentation\bloc\provider_search_bloc\provider_search_bloc.dart
DA:8,0
DA:9,0
DA:10,0
DA:11,0
DA:12,0
DA:13,0
DA:16,0
DA:20,0
DA:23,0
DA:26,0
DA:27,0
DA:39,0
DA:41,0
DA:43,0
DA:55,0
DA:57,0
DA:59,0
DA:71,0
DA:73,0
DA:75,0
DA:87,0
DA:89,0
DA:91,0
DA:103,0
DA:105,0
DA:111,0
DA:112,0
DA:113,0
DA:116,0
DA:117,0
DA:118,0
DA:120,0
DA:131,0
DA:135,0
DA:139,0
DA:140,0
DA:142,0
DA:145,0
DA:148,0
DA:149,0
DA:150,0
DA:151,0
DA:152,0
DA:153,0
DA:154,0
DA:156,0
DA:157,0
DA:158,0
DA:159,0
DA:162,0
DA:163,0
DA:164,0
DA:165,0
DA:168,0
DA:169,0
DA:170,0
DA:171,0
DA:174,0
DA:175,0
DA:176,0
DA:177,0
DA:180,0
DA:182,0
DA:185,0
DA:186,0
DA:191,0
DA:195,0
DA:196,0
DA:198,0
DA:201,0
DA:204,0
DA:206,0
DA:207,0
DA:208,0
DA:209,0
DA:213,0
DA:214,0
DA:215,0
DA:216,0
DA:217,0
DA:218,0
DA:219,0
DA:220,0
DA:222,0
DA:223,0
DA:224,0
DA:225,0
DA:228,0
DA:229,0
DA:230,0
DA:231,0
DA:234,0
DA:235,0
DA:236,0
DA:237,0
DA:240,0
DA:242,0
DA:245,0
DA:246,0
DA:251,0
DA:255,0
DA:256,0
DA:258,0
DA:261,0
DA:264,0
DA:266,0
DA:267,0
DA:268,0
DA:269,0
DA:273,0
DA:274,0
DA:275,0
DA:276,0
DA:277,0
DA:278,0
DA:279,0
DA:280,0
DA:282,0
DA:283,0
DA:284,0
DA:285,0
DA:288,0
DA:289,0
DA:290,0
DA:291,0
DA:294,0
DA:295,0
DA:296,0
DA:297,0
DA:300,0
DA:302,0
DA:305,0
DA:306,0
DA:311,0
DA:315,0
DA:316,0
DA:318,0
DA:321,0
DA:324,0
DA:326,0
DA:327,0
DA:328,0
DA:329,0
DA:333,0
DA:334,0
DA:335,0
DA:336,0
DA:337,0
DA:338,0
DA:339,0
DA:340,0
DA:342,0
DA:343,0
DA:344,0
DA:345,0
DA:348,0
DA:349,0
DA:350,0
DA:351,0
DA:354,0
DA:355,0
DA:356,0
DA:357,0
DA:360,0
DA:362,0
DA:365,0
DA:366,0
LF:167
LH:0
end_of_record
SF:lib\features\providers\presentation\bloc\provider_search_bloc\provider_search_event.dart
DA:4,0
DA:6,0
DA:7,0
DA:11,0
DA:17,0
DA:19,0
DA:20,0
DA:26,0
DA:28,0
DA:29,0
DA:35,0
DA:37,0
DA:38,0
DA:44,0
DA:46,0
DA:47,0
LF:16
LH:0
end_of_record
SF:lib\features\providers\presentation\bloc\provider_search_bloc\provider_search_state.dart
DA:4,0
DA:6,0
DA:7,0
DA:24,0
DA:35,0
DA:45,0
DA:46,0
DA:47,0
DA:48,0
DA:49,0
DA:50,0
DA:51,0
DA:52,0
DA:53,0
DA:57,0
DA:58,0
DA:59,0
DA:60,0
DA:61,0
DA:62,0
DA:63,0
DA:64,0
DA:65,0
DA:66,0
DA:73,0
DA:75,0
DA:76,0
LF:27
LH:0
end_of_record
SF:lib\features\providers\presentation\widgets\provider_info_card.dart
DA:8,0
DA:10,0
DA:12,0
DA:13,0
DA:15,0
DA:17,0
DA:18,0
DA:20,0
DA:23,0
DA:27,0
DA:29,0
DA:31,0
DA:38,0
DA:39,0
DA:40,0
DA:41,0
DA:43,0
DA:44,0
DA:46,0
DA:47,0
DA:49,0
DA:51,0
DA:54,0
DA:56,0
DA:59,0
LF:25
LH:0
end_of_record
SF:lib\features\providers\presentation\widgets\provider_services_card.dart
DA:7,0
DA:9,0
DA:11,0
DA:12,0
DA:14,0
DA:16,0
DA:17,0
DA:19,0
DA:22,0
DA:26,0
DA:27,0
DA:28,0
DA:30,0
DA:32,0
DA:37,0
DA:44,0
DA:45,0
DA:47,0
DA:48,0
DA:49,0
DA:50,0
DA:52,0
DA:55,0
LF:23
LH:0
end_of_record
SF:lib\features\providers\presentation\widgets\provider_reviews_section.dart
DA:11,0
DA:19,0
DA:21,0
DA:22,0
DA:24,0
DA:26,0
DA:27,0
DA:29,0
DA:30,0
DA:32,0
DA:35,0
DA:38,0
DA:39,0
DA:40,0
DA:42,0
DA:48,0
DA:49,0
DA:50,0
DA:51,0
DA:52,0
DA:53,0
DA:55,0
DA:62,0
DA:63,0
DA:65,0
DA:67,0
DA:68,0
DA:69,0
DA:70,0
DA:72,0
DA:73,0
DA:74,0
DA:75,0
DA:77,0
DA:79,0
DA:84,0
DA:85,0
DA:87,0
DA:88,0
DA:89,0
DA:90,0
DA:93,0
DA:96,0
DA:97,0
DA:98,0
DA:100,0
DA:101,0
DA:107,0
DA:108,0
DA:109,0
DA:110,0
DA:112,0
DA:123,0
DA:124,0
DA:125,0
DA:127,0
DA:136,0
DA:137,0
DA:138,0
DA:139,0
DA:140,0
DA:143,0
DA:146,0
DA:148,0
DA:150,0
DA:158,0
DA:159,0
DA:160,0
DA:161,0
DA:162,0
DA:165,0
DA:168,0
DA:170,0
DA:172,0
LF:74
LH:0
end_of_record
SF:lib\features\providers\presentation\widgets\provider_search_bar.dart
DA:7,0
DA:9,0
DA:10,0
DA:16,0
DA:18,0
DA:19,0
DA:22,0
DA:24,0
DA:27,0
DA:28,0
DA:29,0
DA:30,0
DA:31,0
DA:33,0
DA:34,0
DA:38,0
DA:39,0
DA:41,0
DA:42,0
DA:43,0
DA:44,0
DA:49,0
DA:50,0
DA:51,0
DA:52,0
DA:54,0
DA:55,0
DA:56,0
DA:58,0
DA:59,0
DA:60,0
DA:64,0
DA:65,0
DA:66,0
DA:67,0
LF:35
LH:0
end_of_record
SF:lib\features\providers\presentation\widgets\provider_filter_bar.dart
DA:12,0
DA:21,0
DA:23,0
DA:25,0
DA:27,0
DA:28,0
DA:30,0
DA:32,0
DA:35,0
DA:36,0
DA:40,0
DA:42,0
DA:46,0
DA:48,0
DA:52,0
DA:54,0
DA:58,0
DA:60,0
DA:64,0
DA:66,0
DA:70,0
DA:72,0
DA:76,0
DA:83,0
DA:85,0
DA:86,0
DA:88,0
DA:89,0
DA:90,0
DA:91,0
DA:94,0
DA:95,0
DA:96,0
DA:98,0
DA:99,0
DA:100,0
DA:101,0
DA:102,0
DA:105,0
DA:107,0
DA:108,0
DA:112,0
DA:115,0
DA:117,0
DA:119,0
DA:121,0
DA:133,0
DA:134,0
DA:135,0
DA:136,0
DA:137,0
DA:140,0
DA:141,0
DA:144,0
DA:145,0
DA:146,0
DA:148,0
DA:150,0
DA:151,0
DA:153,0
DA:154,0
DA:156,0
DA:166,0
DA:167,0
DA:168,0
DA:169,0
DA:170,0
DA:171,0
DA:172,0
DA:176,0
DA:177,0
DA:180,0
DA:181,0
DA:182,0
DA:184,0
DA:186,0
DA:187,0
DA:189,0
DA:191,0
DA:193,0
DA:205,0
DA:211,0
DA:217,0
DA:219,0
DA:221,0
DA:222,0
DA:224,0
DA:227,0
DA:231,0
DA:232,0
DA:234,0
DA:235,0
DA:236,0
DA:237,0
DA:246,0
DA:247,0
DA:252,0
DA:254,0
DA:255,0
DA:257,0
DA:258,0
DA:260,0
DA:262,0
DA:263,0
DA:265,0
DA:267,0
DA:268,0
DA:275,0
DA:279,0
DA:280,0
DA:281,0
DA:283,0
DA:284,0
DA:285,0
DA:287,0
DA:288,0
DA:293,0
DA:300,0
DA:301,0
DA:302,0
DA:305,0
DA:306,0
DA:307,0
DA:308,0
DA:311,0
DA:313,0
DA:328,0
LF:127
LH:0
end_of_record
SF:lib\features\services\data\models\category_model.dart
DA:9,0
DA:18,0
DA:19,0
DA:21,0
DA:23,0
DA:24,0
DA:25,0
DA:26,0
DA:27,0
DA:28,0
DA:29,0
DA:30,0
LF:12
LH:0
end_of_record
SF:lib\features\services\data\models\category_model.g.dart
DA:9,0
DA:10,0
DA:11,0
DA:12,0
DA:13,0
DA:14,0
DA:15,0
DA:16,0
DA:19,0
DA:20,0
DA:21,0
DA:22,0
DA:23,0
DA:24,0
DA:25,0
DA:26,0
LF:16
LH:0
end_of_record
SF:lib\features\services\domain\entities\paginated_services.dart
DA:10,0
DA:15,0
DA:16,0
DA:17,0
DA:18,0
DA:19,0
DA:20,0
DA:24,0
DA:25,0
DA:26,0
DA:27,0
DA:31,0
DA:35,0
DA:36,0
DA:37,0
LF:15
LH:0
end_of_record
SF:lib\features\services\domain\entities\pagination_entity.dart
DA:11,0
DA:20,0
DA:21,0
DA:22,0
DA:23,0
DA:24,0
DA:25,0
DA:26,0
DA:27,0
DA:31,0
DA:32,0
DA:33,0
DA:34,0
DA:35,0
DA:36,0
DA:37,0
DA:38,0
DA:42,0
DA:50,0
DA:51,0
DA:52,0
DA:53,0
DA:54,0
DA:55,0
DA:56,0
LF:25
LH:0
end_of_record
SF:lib\features\services\domain\entities\category_entity.dart
DA:11,0
DA:20,0
DA:21,0
DA:22,0
DA:23,0
DA:24,0
DA:25,0
DA:26,0
DA:27,0
LF:9
LH:0
end_of_record
SF:lib\features\services\domain\entities\service_entity.dart
DA:15,0
DA:28,0
DA:29,0
DA:30,0
DA:31,0
DA:32,0
DA:33,0
DA:34,0
DA:35,0
DA:36,0
DA:37,0
DA:38,0
DA:39,0
DA:42,0
DA:43,0
DA:44,0
DA:45,0
DA:46,0
DA:47,0
DA:48,0
DA:49,0
DA:50,0
DA:51,0
DA:52,0
DA:53,0
DA:57,0
DA:58,0
DA:59,0
DA:60,0
DA:61,0
DA:62,0
DA:63,0
DA:64,0
DA:65,0
DA:66,0
DA:67,0
DA:68,0
LF:37
LH:0
end_of_record
SF:lib\features\services\presentation\widgets\search_service_card.dart
DA:8,0
DA:13,0
DA:15,0
DA:18,0
DA:19,0
DA:21,0
DA:22,0
DA:23,0
DA:26,0
DA:29,0
DA:30,0
DA:32,0
DA:33,0
DA:34,0
DA:37,0
DA:38,0
DA:39,0
DA:41,0
DA:42,0
DA:43,0
DA:44,0
DA:45,0
DA:47,0
DA:48,0
DA:56,0
DA:63,0
DA:64,0
DA:66,0
DA:67,0
DA:68,0
DA:75,0
DA:76,0
DA:77,0
DA:79,0
LF:34
LH:0
end_of_record
SF:lib\features\services\presentation\widgets\service_category_card.dart
DA:12,0
DA:19,0
DA:21,0
DA:22,0
DA:23,0
DA:24,0
DA:27,0
DA:28,0
DA:30,0
DA:31,0
DA:32,0
DA:39,0
DA:40,0
DA:42,0
DA:44,0
DA:46,0
DA:51,0
DA:53,0
DA:54,0
DA:55,0
DA:57,0
DA:58,0
DA:61,0
DA:66,0
DA:67,0
DA:75,0
DA:77,0
DA:79,0
DA:80,0
DA:97,0
DA:98,0
DA:99,0
DA:101,0
DA:103,0
DA:105,0
DA:107,0
DA:109,0
DA:111,0
DA:113,0
DA:115,0
LF:40
LH:0
end_of_record
SF:lib\features\services\presentation\widgets\category_filter.dart
DA:11,4
DA:13,0
DA:14,0
DA:20,0
DA:22,0
DA:23,0
DA:26,0
DA:28,0
DA:30,0
DA:32,0
DA:33,0
DA:35,0
DA:37,0
DA:40,0
DA:44,0
DA:45,0
DA:46,0
DA:47,0
DA:48,0
DA:53,0
DA:54,0
DA:57,0
DA:58,0
DA:60,0
DA:61,0
DA:77,0
DA:78,0
DA:80,0
DA:83,0
DA:84,0
DA:85,0
DA:87,0
DA:93,0
DA:97,0
DA:98,0
DA:99,0
DA:100,0
DA:101,0
DA:102,0
DA:103,0
DA:104,0
DA:111,0
DA:119,0
DA:120,0
DA:122,0
DA:124,0
DA:125,0
DA:126,0
DA:127,0
DA:131,0
DA:133,0
DA:134,0
DA:138,0
DA:140,0
DA:141,0
DA:142,0
DA:143,0
DA:144,0
DA:148,0
DA:150,0
DA:151,0
DA:152,0
DA:157,0
DA:159,0
DA:162,0
DA:165,0
DA:166,0
DA:167,0
DA:168,0
DA:170,0
DA:180,0
DA:182,0
DA:188,0
DA:189,0
DA:190,0
DA:192,0
DA:194,0
DA:196,0
DA:198,0
DA:200,0
DA:201,0
DA:203,0
LF:82
LH:1
end_of_record
